<?xml version="1.0" encoding="UTF-8"?>
<coverage generated="1777450712331" clover="3.2.0">
  <project timestamp="1777450712332" name="All files">
    <metrics statements="470" coveredstatements="441" conditionals="325" coveredconditionals="291" methods="172" coveredmethods="159" elements="967" coveredelements="891" complexity="0" loc="470" ncloc="470" packages="6" files="16" classes="16"/>
    <package name="src">
      <metrics statements="2" coveredstatements="2" conditionals="0" coveredconditionals="0" methods="2" coveredmethods="2"/>
      <file name="App.jsx" path="C:\Users\DELL\OneDrive\Desktop\AssignmentProject\enterpriseapp\src\App.jsx">
        <metrics statements="2" coveredstatements="2" conditionals="0" coveredconditionals="0" methods="2" coveredmethods="2"/>
        <line num="14" count="2" type="stmt"/>
        <line num="17" count="10" type="stmt"/>
      </file>
    </package>
    <package name="src.components">
      <metrics statements="80" coveredstatements="80" conditionals="56" coveredconditionals="52" methods="41" coveredmethods="41"/>
      <file name="Layout.jsx" path="C:\Users\DELL\OneDrive\Desktop\AssignmentProject\enterpriseapp\src\components\Layout.jsx">
        <metrics statements="5" coveredstatements="5" conditionals="2" coveredconditionals="2" methods="3" coveredmethods="3"/>
        <line num="6" count="2" type="stmt"/>
        <line num="7" count="11" type="stmt"/>
        <line num="9" count="11" type="stmt"/>
        <line num="16" count="1" type="stmt"/>
        <line num="26" count="3" type="stmt"/>
      </file>
      <file name="Modal.jsx" path="C:\Users\DELL\OneDrive\Desktop\AssignmentProject\enterpriseapp\src\components\Modal.jsx">
        <metrics statements="8" coveredstatements="8" conditionals="4" coveredconditionals="4" methods="3" coveredmethods="3"/>
        <line num="3" count="5" type="stmt"/>
        <line num="5" count="78" type="stmt"/>
        <line num="6" count="73" type="cond" truecount="2" falsecount="0"/>
        <line num="7" count="20" type="stmt"/>
        <line num="9" count="53" type="stmt"/>
        <line num="11" count="73" type="stmt"/>
        <line num="14" count="78" type="cond" truecount="2" falsecount="0"/>
        <line num="16" count="20" type="stmt"/>
      </file>
      <file name="Navbar.jsx" path="C:\Users\DELL\OneDrive\Desktop\AssignmentProject\enterpriseapp\src\components\Navbar.jsx">
        <metrics statements="48" coveredstatements="48" conditionals="32" coveredconditionals="28" methods="22" coveredmethods="22"/>
        <line num="10" count="2" type="stmt"/>
        <line num="12" count="31" type="stmt"/>
        <line num="13" count="31" type="stmt"/>
        <line num="16" count="31" type="stmt"/>
        <line num="17" count="31" type="stmt"/>
        <line num="18" count="31" type="stmt"/>
        <line num="20" count="31" type="stmt"/>
        <line num="21" count="31" type="stmt"/>
        <line num="22" count="31" type="stmt"/>
        <line num="24" count="31" type="stmt"/>
        <line num="27" count="31" type="stmt"/>
        <line num="28" count="14" type="stmt"/>
        <line num="29" count="13" type="stmt"/>
        <line num="30" count="13" type="stmt"/>
        <line num="31" count="12" type="stmt"/>
        <line num="33" count="1" type="stmt"/>
        <line num="36" count="14" type="cond" truecount="2" falsecount="0"/>
        <line num="40" count="31" type="stmt"/>
        <line num="42" count="14" type="cond" truecount="2" falsecount="0"/>
        <line num="43" count="13" type="stmt"/>
        <line num="46" count="13" type="stmt"/>
        <line num="47" count="1" type="stmt"/>
        <line num="50" count="13" type="stmt"/>
        <line num="51" count="1" type="stmt"/>
        <line num="52" count="1" type="stmt"/>
        <line num="55" count="14" type="cond" truecount="2" falsecount="0"/>
        <line num="59" count="31" type="stmt"/>
        <line num="60" count="14" type="stmt"/>
        <line num="61" count="1" type="cond" truecount="3" falsecount="1"/>
        <line num="62" count="1" type="stmt"/>
        <line num="64" count="1" type="cond" truecount="3" falsecount="1"/>
        <line num="65" count="1" type="stmt"/>
        <line num="68" count="14" type="stmt"/>
        <line num="69" count="14" type="stmt"/>
        <line num="72" count="31" type="stmt"/>
        <line num="73" count="1" type="stmt"/>
        <line num="74" count="1" type="stmt"/>
        <line num="78" count="31" type="stmt"/>
        <line num="79" count="2" type="stmt"/>
        <line num="80" count="2" type="stmt"/>
        <line num="81" count="1" type="stmt"/>
        <line num="83" count="1" type="stmt"/>
        <line num="87" count="60" type="cond" truecount="2" falsecount="0"/>
        <line num="89" count="31" type="stmt"/>
        <line num="108" count="5" type="stmt"/>
        <line num="134" count="4" type="cond" truecount="1" falsecount="1"/>
        <line num="151" count="5" type="stmt"/>
        <line num="171" count="1" type="stmt"/>
      </file>
      <file name="ProtectedRoute.jsx" path="C:\Users\DELL\OneDrive\Desktop\AssignmentProject\enterpriseapp\src\components\ProtectedRoute.jsx">
        <metrics statements="7" coveredstatements="7" conditionals="6" coveredconditionals="6" methods="2" coveredmethods="2"/>
        <line num="4" count="3" type="stmt"/>
        <line num="5" count="15" type="stmt"/>
        <line num="7" count="15" type="cond" truecount="2" falsecount="0"/>
        <line num="8" count="3" type="stmt"/>
        <line num="11" count="12" type="cond" truecount="4" falsecount="0"/>
        <line num="13" count="3" type="stmt"/>
        <line num="17" count="9" type="stmt"/>
      </file>
      <file name="Sidebar.jsx" path="C:\Users\DELL\OneDrive\Desktop\AssignmentProject\enterpriseapp\src\components\Sidebar.jsx">
        <metrics statements="12" coveredstatements="12" conditionals="12" coveredconditionals="12" methods="11" coveredmethods="11"/>
        <line num="5" count="2" type="stmt"/>
        <line num="6" count="10" type="stmt"/>
        <line num="8" count="10" type="stmt"/>
        <line num="18" count="1" type="stmt"/>
        <line num="26" count="1" type="stmt"/>
        <line num="27" count="14" type="cond" truecount="2" falsecount="0"/>
        <line num="35" count="1" type="stmt"/>
        <line num="36" count="14" type="cond" truecount="2" falsecount="0"/>
        <line num="44" count="1" type="stmt"/>
        <line num="45" count="14" type="cond" truecount="2" falsecount="0"/>
        <line num="54" count="1" type="stmt"/>
        <line num="55" count="3" type="cond" truecount="2" falsecount="0"/>
      </file>
    </package>
    <package name="src.context">
      <metrics statements="17" coveredstatements="17" conditionals="4" coveredconditionals="4" methods="6" coveredmethods="6"/>
      <file name="ThemeContext.jsx" path="C:\Users\DELL\OneDrive\Desktop\AssignmentProject\enterpriseapp\src\context\ThemeContext.jsx">
        <metrics statements="17" coveredstatements="17" conditionals="4" coveredconditionals="4" methods="6" coveredmethods="6"/>
        <line num="3" count="2" type="stmt"/>
        <line num="5" count="2" type="stmt"/>
        <line num="7" count="8" type="stmt"/>
        <line num="8" count="6" type="stmt"/>
        <line num="9" count="6" type="cond" truecount="2" falsecount="0"/>
        <line num="10" count="3" type="stmt"/>
        <line num="12" count="3" type="stmt"/>
        <line num="16" count="8" type="stmt"/>
        <line num="17" count="8" type="stmt"/>
        <line num="18" count="8" type="cond" truecount="2" falsecount="0"/>
        <line num="19" count="3" type="stmt"/>
        <line num="20" count="3" type="stmt"/>
        <line num="22" count="5" type="stmt"/>
        <line num="23" count="5" type="stmt"/>
        <line num="27" count="8" type="stmt"/>
        <line num="29" count="8" type="stmt"/>
        <line num="37" count="8" type="stmt"/>
      </file>
    </package>
    <package name="src.features">
      <metrics statements="67" coveredstatements="67" conditionals="69" coveredconditionals="69" methods="32" coveredmethods="31"/>
      <file name="ProjectForm.jsx" path="C:\Users\DELL\OneDrive\Desktop\AssignmentProject\enterpriseapp\src\features\ProjectForm.jsx">
        <metrics statements="33" coveredstatements="33" conditionals="28" coveredconditionals="28" methods="19" coveredmethods="19"/>
        <line num="5" count="2" type="cond" truecount="2" falsecount="0"/>
        <line num="6" count="32" type="stmt"/>
        <line num="7" count="32" type="stmt"/>
        <line num="10" count="32" type="stmt"/>
        <line num="11" count="12" type="cond" truecount="2" falsecount="0"/>
        <line num="12" count="3" type="stmt"/>
        <line num="20" count="32" type="stmt"/>
        <line num="21" count="32" type="stmt"/>
        <line num="23" count="32" type="stmt"/>
        <line num="24" count="8" type="stmt"/>
        <line num="25" count="9" type="cond" truecount="2" falsecount="0"/>
        <line num="26" count="8" type="stmt"/>
        <line num="27" count="8" type="cond" truecount="2" falsecount="0"/>
        <line num="28" count="6" type="stmt"/>
        <line num="29" count="4" type="cond" truecount="2" falsecount="0"/>
        <line num="31" count="8" type="stmt"/>
        <line num="33" count="1" type="stmt"/>
        <line num="37" count="32" type="stmt"/>
        <line num="38" count="5" type="stmt"/>
        <line num="39" count="5" type="cond" truecount="2" falsecount="0"/>
        <line num="42" count="5" type="cond" truecount="2" falsecount="0"/>
        <line num="44" count="5" type="stmt"/>
        <line num="52" count="32" type="stmt"/>
        <line num="54" count="32" type="stmt"/>
        <line num="58" count="3" type="stmt"/>
        <line num="63" count="1" type="stmt"/>
        <line num="69" count="1" type="stmt"/>
        <line num="77" count="31" type="stmt"/>
        <line num="79" count="1" type="stmt"/>
        <line num="84" count="3" type="stmt"/>
        <line num="87" count="1" type="stmt"/>
        <line num="93" count="4" type="stmt"/>
        <line num="96" count="28" type="stmt"/>
      </file>
      <file name="TaskForm.jsx" path="C:\Users\DELL\OneDrive\Desktop\AssignmentProject\enterpriseapp\src\features\TaskForm.jsx">
        <metrics statements="34" coveredstatements="34" conditionals="41" coveredconditionals="41" methods="13" coveredmethods="12"/>
        <line num="9" count="2" type="stmt"/>
        <line num="17" count="2" type="cond" truecount="1" falsecount="0"/>
        <line num="19" count="36" type="stmt"/>
        <line num="22" count="36" type="stmt"/>
        <line num="23" count="36" type="stmt"/>
        <line num="24" count="36" type="stmt"/>
        <line num="26" count="36" type="stmt"/>
        <line num="36" count="36" type="stmt"/>
        <line num="37" count="11" type="cond" truecount="2" falsecount="0"/>
        <line num="38" count="5" type="stmt"/>
        <line num="46" count="5" type="cond" truecount="2" falsecount="0"/>
        <line num="47" count="5" type="cond" truecount="2" falsecount="0"/>
        <line num="52" count="36" type="stmt"/>
        <line num="53" count="2" type="stmt"/>
        <line num="54" count="2" type="cond" truecount="2" falsecount="0"/>
        <line num="55" count="1" type="stmt"/>
        <line num="56" count="1" type="stmt"/>
        <line num="60" count="36" type="stmt"/>
        <line num="61" count="1" type="stmt"/>
        <line num="65" count="36" type="stmt"/>
        <line num="66" count="5" type="cond" truecount="2" falsecount="0"/>
        <line num="67" count="4" type="stmt"/>
        <line num="73" count="5" type="stmt"/>
        <line num="74" count="5" type="stmt"/>
        <line num="78" count="36" type="stmt"/>
        <line num="80" count="1" type="stmt"/>
        <line num="83" count="36" type="stmt"/>
        <line num="84" count="36" type="stmt"/>
        <line num="86" count="36" type="stmt"/>
        <line num="162" count="2" type="stmt"/>
        <line num="164" count="1" type="stmt"/>
        <line num="183" count="10" type="stmt"/>
        <line num="198" count="5" type="stmt"/>
        <line num="199" count="3" type="cond" truecount="2" falsecount="0"/>
      </file>
    </package>
    <package name="src.pages">
      <metrics statements="258" coveredstatements="256" conditionals="186" coveredconditionals="160" methods="80" coveredmethods="75"/>
      <file name="Dashboard.jsx" path="C:\Users\DELL\OneDrive\Desktop\AssignmentProject\enterpriseapp\src\pages\Dashboard.jsx">
        <metrics statements="64" coveredstatements="62" conditionals="40" coveredconditionals="29" methods="16" coveredmethods="15"/>
        <line num="10" count="2" type="stmt"/>
        <line num="11" count="34" type="stmt"/>
        <line num="13" count="34" type="stmt"/>
        <line num="14" count="34" type="stmt"/>
        <line num="15" count="34" type="stmt"/>
        <line num="16" count="34" type="stmt"/>
        <line num="17" count="34" type="stmt"/>
        <line num="18" count="34" type="stmt"/>
        <line num="21" count="34" type="stmt"/>
        <line num="22" count="34" type="stmt"/>
        <line num="23" count="34" type="stmt"/>
        <line num="25" count="34" type="stmt"/>
        <line num="26" count="15" type="stmt"/>
        <line num="28" count="15" type="stmt"/>
        <line num="29" count="15" type="stmt"/>
        <line num="34" count="14" type="stmt"/>
        <line num="37" count="14" type="stmt"/>
        <line num="44" count="15" type="stmt"/>
        <line num="45" count="70" type="stmt"/>
        <line num="46" count="70" type="stmt"/>
        <line num="48" count="70" type="stmt"/>
        <line num="49" count="70" type="stmt"/>
        <line num="52" count="70" type="cond" truecount="1" falsecount="1"/>
        <line num="53" count="50" type="cond" truecount="1" falsecount="1"/>
        <line num="54" count="0" type="stmt"/>
        <line num="55" count="0" type="stmt"/>
        <line num="58" count="70" type="stmt"/>
        <line num="64" count="15" type="stmt"/>
        <line num="66" count="15" type="cond" truecount="1" falsecount="1"/>
        <line num="67" count="15" type="stmt"/>
        <line num="73" count="15" type="stmt"/>
        <line num="74" count="72" type="stmt"/>
        <line num="76" count="18" type="cond" truecount="0" falsecount="2"/>
        <line num="78" count="18" type="stmt"/>
        <line num="86" count="15" type="stmt"/>
        <line num="89" count="1" type="stmt"/>
        <line num="92" count="15" type="cond" truecount="4" falsecount="0"/>
        <line num="93" count="14" type="stmt"/>
        <line num="94" count="14" type="stmt"/>
        <line num="97" count="13" type="stmt"/>
        <line num="99" count="13" type="stmt"/>
        <line num="101" count="1" type="stmt"/>
        <line num="106" count="15" type="stmt"/>
        <line num="107" count="15" type="stmt"/>
        <line num="108" count="14" type="stmt"/>
        <line num="110" count="1" type="stmt"/>
        <line num="113" count="15" type="stmt"/>
        <line num="116" count="34" type="stmt"/>
        <line num="144" count="34" type="stmt"/>
        <line num="146" count="3" type="stmt"/>
        <line num="147" count="3" type="stmt"/>
        <line num="149" count="2" type="stmt"/>
        <line num="150" count="2" type="stmt"/>
        <line num="151" count="2" type="stmt"/>
        <line num="153" count="1" type="cond" truecount="2" falsecount="0"/>
        <line num="159" count="34" type="cond" truecount="2" falsecount="0"/>
        <line num="161" count="21" type="stmt"/>
        <line num="168" count="21" type="stmt"/>
        <line num="178" count="5" type="stmt"/>
        <line num="189" count="84" type="stmt"/>
        <line num="190" count="84" type="stmt"/>
        <line num="231" count="15" type="stmt"/>
        <line num="279" count="1" type="stmt"/>
        <line num="285" count="1" type="stmt"/>
      </file>
      <file name="KanbanBoard.jsx" path="C:\Users\DELL\OneDrive\Desktop\AssignmentProject\enterpriseapp\src\pages\KanbanBoard.jsx">
        <metrics statements="73" coveredstatements="73" conditionals="46" coveredconditionals="39" methods="24" coveredmethods="23"/>
        <line num="10" count="2" type="stmt"/>
        <line num="11" count="45" type="stmt"/>
        <line num="13" count="45" type="stmt"/>
        <line num="14" count="45" type="stmt"/>
        <line num="15" count="45" type="stmt"/>
        <line num="18" count="45" type="stmt"/>
        <line num="20" count="45" type="stmt"/>
        <line num="21" count="17" type="stmt"/>
        <line num="22" count="17" type="stmt"/>
        <line num="23" count="17" type="stmt"/>
        <line num="24" count="16" type="stmt"/>
        <line num="26" count="1" type="stmt"/>
        <line num="28" count="17" type="stmt"/>
        <line num="32" count="45" type="stmt"/>
        <line num="35" count="45" type="stmt"/>
        <line num="36" count="4" type="stmt"/>
        <line num="37" count="4" type="cond" truecount="2" falsecount="0"/>
        <line num="38" count="3" type="cond" truecount="4" falsecount="0"/>
        <line num="40" count="2" type="stmt"/>
        <line num="41" count="2" type="stmt"/>
        <line num="42" count="2" type="stmt"/>
        <line num="43" count="2" type="stmt"/>
        <line num="45" count="2" type="stmt"/>
        <line num="46" count="2" type="stmt"/>
        <line num="48" count="2" type="stmt"/>
        <line num="50" count="2" type="stmt"/>
        <line num="51" count="2" type="stmt"/>
        <line num="53" count="1" type="stmt"/>
        <line num="54" count="1" type="cond" truecount="2" falsecount="0"/>
        <line num="60" count="45" type="stmt"/>
        <line num="61" count="4" type="stmt"/>
        <line num="62" count="4" type="stmt"/>
        <line num="65" count="45" type="stmt"/>
        <line num="66" count="2" type="stmt"/>
        <line num="67" count="2" type="stmt"/>
        <line num="70" count="45" type="stmt"/>
        <line num="71" count="3" type="cond" truecount="2" falsecount="0"/>
        <line num="73" count="2" type="stmt"/>
        <line num="74" count="2" type="stmt"/>
        <line num="75" count="1" type="stmt"/>
        <line num="77" count="1" type="stmt"/>
        <line num="79" count="1" type="stmt"/>
        <line num="81" count="1" type="cond" truecount="2" falsecount="0"/>
        <line num="85" count="45" type="stmt"/>
        <line num="86" count="3" type="stmt"/>
        <line num="87" count="3" type="cond" truecount="2" falsecount="0"/>
        <line num="89" count="1" type="stmt"/>
        <line num="90" count="1" type="stmt"/>
        <line num="91" count="1" type="stmt"/>
        <line num="94" count="2" type="stmt"/>
        <line num="95" count="1" type="stmt"/>
        <line num="96" count="1" type="stmt"/>
        <line num="98" count="2" type="stmt"/>
        <line num="100" count="1" type="cond" truecount="2" falsecount="0"/>
        <line num="106" count="45" type="stmt"/>
        <line num="107" count="84" type="cond" truecount="2" falsecount="0"/>
        <line num="108" count="56" type="cond" truecount="2" falsecount="0"/>
        <line num="109" count="28" type="stmt"/>
        <line num="112" count="45" type="stmt"/>
        <line num="113" count="83" type="cond" truecount="2" falsecount="0"/>
        <line num="114" count="56" type="cond" truecount="2" falsecount="0"/>
        <line num="115" count="28" type="stmt"/>
        <line num="118" count="138" type="cond" truecount="2" falsecount="0"/>
        <line num="120" count="45" type="cond" truecount="2" falsecount="0"/>
        <line num="122" count="29" type="stmt"/>
        <line num="137" count="87" type="stmt"/>
        <line num="144" count="87" type="cond" truecount="1" falsecount="1"/>
        <line num="147" count="84" type="stmt"/>
        <line num="149" count="84" type="stmt"/>
        <line num="157" count="2" type="stmt"/>
        <line num="160" count="3" type="stmt"/>
        <line num="219" count="1" type="stmt"/>
        <line num="227" count="1" type="stmt"/>
      </file>
      <file name="Login.jsx" path="C:\Users\DELL\OneDrive\Desktop\AssignmentProject\enterpriseapp\src\pages\Login.jsx">
        <metrics statements="24" coveredstatements="24" conditionals="43" coveredconditionals="37" methods="7" coveredmethods="7"/>
        <line num="12" count="2" type="stmt"/>
        <line num="18" count="2" type="stmt"/>
        <line num="32" count="2" type="stmt"/>
        <line num="33" count="23" type="stmt"/>
        <line num="34" count="23" type="stmt"/>
        <line num="35" count="23" type="stmt"/>
        <line num="37" count="23" type="stmt"/>
        <line num="39" count="23" type="stmt"/>
        <line num="40" count="9" type="cond" truecount="2" falsecount="0"/>
        <line num="41" count="2" type="stmt"/>
        <line num="45" count="23" type="stmt"/>
        <line num="46" count="8" type="cond" truecount="2" falsecount="0"/>
        <line num="47" count="1" type="stmt"/>
        <line num="48" count="1" type="stmt"/>
        <line num="53" count="23" type="stmt"/>
        <line num="60" count="23" type="stmt"/>
        <line num="61" count="2" type="stmt"/>
        <line num="62" count="2" type="stmt"/>
        <line num="63" count="2" type="stmt"/>
        <line num="66" count="23" type="stmt"/>
        <line num="67" count="3" type="cond" truecount="2" falsecount="0"/>
        <line num="69" count="2" type="stmt"/>
        <line num="72" count="1" type="stmt"/>
        <line num="83" count="23" type="stmt"/>
      </file>
      <file name="Projects.jsx" path="C:\Users\DELL\OneDrive\Desktop\AssignmentProject\enterpriseapp\src\pages\Projects.jsx">
        <metrics statements="47" coveredstatements="47" conditionals="23" coveredconditionals="22" methods="15" coveredmethods="14"/>
        <line num="9" count="2" type="stmt"/>
        <line num="10" count="34" type="stmt"/>
        <line num="11" count="34" type="stmt"/>
        <line num="12" count="34" type="stmt"/>
        <line num="13" count="34" type="stmt"/>
        <line num="14" count="34" type="stmt"/>
        <line num="15" count="34" type="stmt"/>
        <line num="17" count="34" type="stmt"/>
        <line num="18" count="14" type="stmt"/>
        <line num="19" count="14" type="stmt"/>
        <line num="20" count="14" type="stmt"/>
        <line num="21" count="13" type="stmt"/>
        <line num="24" count="13" type="cond" truecount="4" falsecount="0"/>
        <line num="25" count="12" type="stmt"/>
        <line num="26" count="12" type="stmt"/>
        <line num="27" count="12" type="stmt"/>
        <line num="30" count="1" type="stmt"/>
        <line num="32" count="14" type="stmt"/>
        <line num="36" count="34" type="stmt"/>
        <line num="38" count="34" type="stmt"/>
        <line num="39" count="1" type="stmt"/>
        <line num="40" count="1" type="stmt"/>
        <line num="43" count="34" type="stmt"/>
        <line num="44" count="3" type="cond" truecount="2" falsecount="0"/>
        <line num="45" count="2" type="stmt"/>
        <line num="46" count="2" type="stmt"/>
        <line num="47" count="1" type="stmt"/>
        <line num="48" count="1" type="stmt"/>
        <line num="50" count="1" type="stmt"/>
        <line num="54" count="34" type="stmt"/>
        <line num="55" count="3" type="stmt"/>
        <line num="56" count="3" type="cond" truecount="2" falsecount="0"/>
        <line num="57" count="1" type="stmt"/>
        <line num="58" count="1" type="stmt"/>
        <line num="60" count="2" type="stmt"/>
        <line num="61" count="1" type="stmt"/>
        <line num="63" count="2" type="stmt"/>
        <line num="64" count="2" type="stmt"/>
        <line num="66" count="1" type="stmt"/>
        <line num="70" count="34" type="cond" truecount="2" falsecount="0"/>
        <line num="72" count="22" type="stmt"/>
        <line num="78" count="4" type="stmt"/>
        <line num="88" count="19" type="stmt"/>
        <line num="93" count="1" type="stmt"/>
        <line num="96" count="3" type="stmt"/>
        <line num="125" count="1" type="stmt"/>
        <line num="132" count="1" type="stmt"/>
      </file>
      <file name="Settings.jsx" path="C:\Users\DELL\OneDrive\Desktop\AssignmentProject\enterpriseapp\src\pages\Settings.jsx">
        <metrics statements="18" coveredstatements="18" conditionals="14" coveredconditionals="14" methods="5" coveredmethods="3"/>
        <line num="7" count="2" type="stmt"/>
        <line num="8" count="17" type="stmt"/>
        <line num="9" count="17" type="stmt"/>
        <line num="12" count="17" type="stmt"/>
        <line num="23" count="17" type="stmt"/>
        <line num="27" count="3" type="cond" truecount="4" falsecount="0"/>
        <line num="28" count="1" type="stmt"/>
        <line num="29" count="1" type="stmt"/>
        <line num="32" count="2" type="stmt"/>
        <line num="33" count="2" type="stmt"/>
        <line num="36" count="2" type="stmt"/>
        <line num="37" count="2" type="stmt"/>
        <line num="38" count="2" type="stmt"/>
        <line num="45" count="2" type="stmt"/>
        <line num="50" count="17" type="stmt"/>
        <line num="51" count="17" type="stmt"/>
        <line num="52" count="17" type="stmt"/>
        <line num="54" count="17" type="stmt"/>
      </file>
      <file name="UserManagement.jsx" path="C:\Users\DELL\OneDrive\Desktop\AssignmentProject\enterpriseapp\src\pages\UserManagement.jsx">
        <metrics statements="32" coveredstatements="32" conditionals="20" coveredconditionals="19" methods="13" coveredmethods="13"/>
        <line num="6" count="2" type="stmt"/>
        <line num="7" count="14" type="stmt"/>
        <line num="8" count="14" type="stmt"/>
        <line num="10" count="14" type="stmt"/>
        <line num="12" count="6" type="stmt"/>
        <line num="13" count="6" type="stmt"/>
        <line num="14" count="6" type="stmt"/>
        <line num="15" count="5" type="stmt"/>
        <line num="17" count="1" type="cond" truecount="2" falsecount="0"/>
        <line num="19" count="6" type="stmt"/>
        <line num="23" count="6" type="stmt"/>
        <line num="26" count="6" type="stmt"/>
        <line num="28" count="6" type="stmt"/>
        <line num="30" count="1" type="stmt"/>
        <line num="31" count="3" type="cond" truecount="2" falsecount="0"/>
        <line num="38" count="6" type="stmt"/>
        <line num="41" count="14" type="stmt"/>
        <line num="42" count="3" type="cond" truecount="2" falsecount="0"/>
        <line num="43" count="2" type="stmt"/>
        <line num="44" count="2" type="stmt"/>
        <line num="45" count="3" type="stmt"/>
        <line num="46" count="1" type="stmt"/>
        <line num="48" count="1" type="cond" truecount="2" falsecount="0"/>
        <line num="53" count="14" type="stmt"/>
        <line num="54" count="20" type="cond" truecount="2" falsecount="0"/>
        <line num="55" count="12" type="cond" truecount="2" falsecount="0"/>
        <line num="57" count="5" type="stmt"/>
        <line num="58" count="5" type="stmt"/>
        <line num="63" count="14" type="cond" truecount="2" falsecount="0"/>
        <line num="65" count="8" type="stmt"/>
        <line num="85" count="20" type="stmt"/>
        <line num="115" count="3" type="stmt"/>
      </file>
    </package>
    <package name="src.store.slices">
      <metrics statements="46" coveredstatements="19" conditionals="10" coveredconditionals="6" methods="11" coveredmethods="4"/>
      <file name="authSlice.js" path="C:\Users\DELL\OneDrive\Desktop\AssignmentProject\enterpriseapp\src\store\slices\authSlice.js">
        <metrics statements="46" coveredstatements="19" conditionals="10" coveredconditionals="6" methods="11" coveredmethods="4"/>
        <line num="4" count="2" type="stmt"/>
        <line num="7" count="0" type="stmt"/>
        <line num="8" count="0" type="stmt"/>
        <line num="10" count="0" type="stmt"/>
        <line num="11" count="0" type="stmt"/>
        <line num="13" count="0" type="cond" truecount="0" falsecount="2"/>
        <line num="18" count="2" type="stmt"/>
        <line num="21" count="1" type="stmt"/>
        <line num="22" count="1" type="stmt"/>
        <line num="23" count="1" type="stmt"/>
        <line num="24" count="1" type="stmt"/>
        <line num="26" count="0" type="cond" truecount="0" falsecount="2"/>
        <line num="31" count="2" type="stmt"/>
        <line num="43" count="2" type="stmt"/>
        <line num="48" count="0" type="stmt"/>
        <line num="49" count="0" type="stmt"/>
        <line num="50" count="0" type="stmt"/>
        <line num="51" count="0" type="stmt"/>
        <line num="53" count="0" type="stmt"/>
        <line num="54" count="0" type="stmt"/>
        <line num="55" count="0" type="stmt"/>
        <line num="58" count="0" type="stmt"/>
        <line num="62" count="1" type="stmt"/>
        <line num="65" count="1" type="stmt"/>
        <line num="66" count="1" type="stmt"/>
        <line num="69" count="1" type="stmt"/>
        <line num="70" count="1" type="stmt"/>
        <line num="71" count="1" type="stmt"/>
        <line num="72" count="1" type="stmt"/>
        <line num="73" count="1" type="stmt"/>
        <line num="75" count="1" type="stmt"/>
        <line num="76" count="1" type="stmt"/>
        <line num="79" count="0" type="stmt"/>
        <line num="80" count="0" type="stmt"/>
        <line num="84" count="0" type="stmt"/>
        <line num="85" count="0" type="stmt"/>
        <line num="88" count="0" type="stmt"/>
        <line num="89" count="0" type="stmt"/>
        <line num="90" count="0" type="stmt"/>
        <line num="91" count="0" type="stmt"/>
        <line num="92" count="0" type="stmt"/>
        <line num="93" count="0" type="stmt"/>
        <line num="94" count="0" type="stmt"/>
        <line num="97" count="0" type="stmt"/>
        <line num="98" count="0" type="stmt"/>
        <line num="103" count="2" type="stmt"/>
      </file>
    </package>
  </project>
</coverage>
