{"C:\\Users\\DELL\\OneDrive\\Desktop\\AssignmentProject\\enterpriseapp\\src\\App.jsx": {"path":"C:\\Users\\DELL\\OneDrive\\Desktop\\AssignmentProject\\enterpriseapp\\src\\App.jsx","statementMap":{"0":{"start":{"line":14,"column":6},"end":{"line":14,"column":null}},"1":{"start":{"line":14,"column":27},"end":{"line":14,"column":null}},"2":{"start":{"line":17,"column":2},"end":{"line":43,"column":null}}},"fnMap":{"0":{"name":"(anonymous_0)","decl":{"start":{"line":14,"column":6},"end":{"line":14,"column":27}},"loc":{"start":{"line":14,"column":27},"end":{"line":14,"column":null}},"line":14},"1":{"name":"App","decl":{"start":{"line":16,"column":9},"end":{"line":16,"column":15}},"loc":{"start":{"line":16,"column":15},"end":{"line":43,"column":null}},"line":16}},"branchMap":{},"s":{"0":2,"1":1,"2":10},"f":{"0":1,"1":10},"b":{},"meta":{"lastBranch":0,"lastFunction":2,"lastStatement":3,"seen":{"s:14:6:14:Infinity":0,"f:14:6:14:27":0,"s:14:27:14:Infinity":1,"f:16:9:16:15":1,"s:17:2:43:Infinity":2}}}
,"C:\\Users\\DELL\\OneDrive\\Desktop\\AssignmentProject\\enterpriseapp\\src\\components\\Layout.jsx": {"path":"C:\\Users\\DELL\\OneDrive\\Desktop\\AssignmentProject\\enterpriseapp\\src\\components\\Layout.jsx","statementMap":{"0":{"start":{"line":6,"column":6},"end":{"line":32,"column":null}},"1":{"start":{"line":7,"column":26},"end":{"line":7,"column":61}},"2":{"start":{"line":9,"column":4},"end":{"line":32,"column":null}},"3":{"start":{"line":16,"column":35},"end":{"line":16,"column":58}},"4":{"start":{"line":26,"column":43},"end":{"line":26,"column":65}}},"fnMap":{"0":{"name":"(anonymous_0)","decl":{"start":{"line":6,"column":6},"end":{"line":6,"column":21}},"loc":{"start":{"line":6,"column":21},"end":{"line":32,"column":null}},"line":6},"1":{"name":"(anonymous_1)","decl":{"start":{"line":16,"column":20},"end":{"line":16,"column":35}},"loc":{"start":{"line":16,"column":35},"end":{"line":16,"column":58}},"line":16},"2":{"name":"(anonymous_2)","decl":{"start":{"line":26,"column":24},"end":{"line":26,"column":43}},"loc":{"start":{"line":26,"column":43},"end":{"line":26,"column":65}},"line":26}},"branchMap":{"0":{"loc":{"start":{"line":13,"column":13},"end":{"line":18,"column":null}},"type":"binary-expr","locations":[{"start":{"line":13,"column":13},"end":{"line":13,"column":null}},{"start":{"line":14,"column":16},"end":{"line":18,"column":null}}],"line":13}},"s":{"0":2,"1":11,"2":11,"3":1,"4":3},"f":{"0":11,"1":1,"2":3},"b":{"0":[11,3]},"meta":{"lastBranch":1,"lastFunction":3,"lastStatement":5,"seen":{"s:6:6:32:Infinity":0,"f:6:6:6:21":0,"s:7:26:7:61":1,"s:9:4:32:Infinity":2,"b:13:13:13:Infinity:14:16:18:Infinity":0,"f:16:20:16:35":1,"s:16:35:16:58":3,"f:26:24:26:43":2,"s:26:43:26:65":4}}}
,"C:\\Users\\DELL\\OneDrive\\Desktop\\AssignmentProject\\enterpriseapp\\src\\components\\Modal.jsx": {"path":"C:\\Users\\DELL\\OneDrive\\Desktop\\AssignmentProject\\enterpriseapp\\src\\components\\Modal.jsx","statementMap":{"0":{"start":{"line":3,"column":6},"end":{"line":36,"column":null}},"1":{"start":{"line":5,"column":4},"end":{"line":12,"column":null}},"2":{"start":{"line":6,"column":8},"end":{"line":9,"column":null}},"3":{"start":{"line":7,"column":12},"end":{"line":7,"column":null}},"4":{"start":{"line":9,"column":12},"end":{"line":9,"column":null}},"5":{"start":{"line":11,"column":8},"end":{"line":11,"column":null}},"6":{"start":{"line":11,"column":23},"end":{"line":11,"column":null}},"7":{"start":{"line":14,"column":4},"end":{"line":14,"column":null}},"8":{"start":{"line":14,"column":17},"end":{"line":14,"column":null}},"9":{"start":{"line":16,"column":4},"end":{"line":36,"column":null}}},"fnMap":{"0":{"name":"(anonymous_0)","decl":{"start":{"line":3,"column":6},"end":{"line":3,"column":15}},"loc":{"start":{"line":3,"column":49},"end":{"line":36,"column":null}},"line":3},"1":{"name":"(anonymous_1)","decl":{"start":{"line":5,"column":4},"end":{"line":5,"column":20}},"loc":{"start":{"line":5,"column":20},"end":{"line":12,"column":8}},"line":5},"2":{"name":"(anonymous_2)","decl":{"start":{"line":11,"column":8},"end":{"line":11,"column":21}},"loc":{"start":{"line":11,"column":21},"end":{"line":11,"column":null}},"line":11}},"branchMap":{"0":{"loc":{"start":{"line":6,"column":8},"end":{"line":9,"column":null}},"type":"if","locations":[{"start":{"line":6,"column":8},"end":{"line":9,"column":null}},{"start":{"line":8,"column":15},"end":{"line":9,"column":null}}],"line":6},"1":{"loc":{"start":{"line":14,"column":4},"end":{"line":14,"column":null}},"type":"if","locations":[{"start":{"line":14,"column":4},"end":{"line":14,"column":null}},{"start":{},"end":{}}],"line":14}},"s":{"0":5,"1":57,"2":55,"3":16,"4":39,"5":55,"6":55,"7":57,"8":41,"9":16},"f":{"0":57,"1":55,"2":55},"b":{"0":[16,39],"1":[41,16]},"meta":{"lastBranch":2,"lastFunction":3,"lastStatement":10,"seen":{"s:3:6:36:Infinity":0,"f:3:6:3:15":0,"s:5:4:12:Infinity":1,"f:5:4:5:20":1,"b:6:8:9:Infinity:8:15:9:Infinity":0,"s:6:8:9:Infinity":2,"s:7:12:7:Infinity":3,"s:9:12:9:Infinity":4,"s:11:8:11:Infinity":5,"f:11:8:11:21":2,"s:11:23:11:Infinity":6,"b:14:4:14:Infinity:undefined:undefined:undefined:undefined":1,"s:14:4:14:Infinity":7,"s:14:17:14:Infinity":8,"s:16:4:36:Infinity":9}}}
,"C:\\Users\\DELL\\OneDrive\\Desktop\\AssignmentProject\\enterpriseapp\\src\\components\\Navbar.jsx": {"path":"C:\\Users\\DELL\\OneDrive\\Desktop\\AssignmentProject\\enterpriseapp\\src\\components\\Navbar.jsx","statementMap":{"0":{"start":{"line":10,"column":6},"end":{"line":181,"column":null}},"1":{"start":{"line":12,"column":27},"end":{"line":12,"column":63}},"2":{"start":{"line":13,"column":10},"end":{"line":13,"column":36}},"3":{"start":{"line":16,"column":24},"end":{"line":16,"column":57}},"4":{"start":{"line":17,"column":10},"end":{"line":17,"column":33}},"5":{"start":{"line":18,"column":26},"end":{"line":18,"column":58}},"6":{"start":{"line":20,"column":10},"end":{"line":20,"column":34}},"7":{"start":{"line":21,"column":10},"end":{"line":21,"column":34}},"8":{"start":{"line":22,"column":18},"end":{"line":22,"column":61}},"9":{"start":{"line":22,"column":50},"end":{"line":22,"column":61}},"10":{"start":{"line":24,"column":24},"end":{"line":24,"column":null}},"11":{"start":{"line":24,"column":50},"end":{"line":24,"column":58}},"12":{"start":{"line":27,"column":4},"end":{"line":37,"column":null}},"13":{"start":{"line":28,"column":35},"end":{"line":33,"column":null}},"14":{"start":{"line":29,"column":12},"end":{"line":33,"column":null}},"15":{"start":{"line":30,"column":28},"end":{"line":30,"column":66}},"16":{"start":{"line":31,"column":16},"end":{"line":31,"column":null}},"17":{"start":{"line":33,"column":16},"end":{"line":33,"column":null}},"18":{"start":{"line":36,"column":8},"end":{"line":36,"column":null}},"19":{"start":{"line":36,"column":18},"end":{"line":36,"column":null}},"20":{"start":{"line":40,"column":4},"end":{"line":56,"column":null}},"21":{"start":{"line":42,"column":8},"end":{"line":53,"column":null}},"22":{"start":{"line":43,"column":12},"end":{"line":43,"column":null}},"23":{"start":{"line":46,"column":12},"end":{"line":48,"column":null}},"24":{"start":{"line":47,"column":16},"end":{"line":47,"column":null}},"25":{"start":{"line":50,"column":12},"end":{"line":53,"column":null}},"26":{"start":{"line":51,"column":16},"end":{"line":51,"column":null}},"27":{"start":{"line":51,"column":43},"end":{"line":51,"column":58}},"28":{"start":{"line":52,"column":16},"end":{"line":52,"column":null}},"29":{"start":{"line":55,"column":8},"end":{"line":55,"column":null}},"30":{"start":{"line":55,"column":23},"end":{"line":55,"column":null}},"31":{"start":{"line":55,"column":35},"end":{"line":55,"column":null}},"32":{"start":{"line":59,"column":4},"end":{"line":70,"column":null}},"33":{"start":{"line":60,"column":14},"end":{"line":65,"column":null}},"34":{"start":{"line":61,"column":12},"end":{"line":62,"column":null}},"35":{"start":{"line":62,"column":16},"end":{"line":62,"column":null}},"36":{"start":{"line":64,"column":12},"end":{"line":65,"column":null}},"37":{"start":{"line":65,"column":16},"end":{"line":65,"column":null}},"38":{"start":{"line":68,"column":8},"end":{"line":68,"column":null}},"39":{"start":{"line":69,"column":8},"end":{"line":69,"column":null}},"40":{"start":{"line":69,"column":21},"end":{"line":69,"column":82}},"41":{"start":{"line":72,"column":10},"end":{"line":74,"column":null}},"42":{"start":{"line":73,"column":8},"end":{"line":73,"column":null}},"43":{"start":{"line":74,"column":8},"end":{"line":74,"column":null}},"44":{"start":{"line":78,"column":26},"end":{"line":83,"column":null}},"45":{"start":{"line":79,"column":8},"end":{"line":83,"column":null}},"46":{"start":{"line":80,"column":12},"end":{"line":80,"column":null}},"47":{"start":{"line":81,"column":12},"end":{"line":81,"column":null}},"48":{"start":{"line":81,"column":53},"end":{"line":81,"column":75}},"49":{"start":{"line":83,"column":12},"end":{"line":83,"column":null}},"50":{"start":{"line":87,"column":10},"end":{"line":87,"column":null}},"51":{"start":{"line":87,"column":34},"end":{"line":87,"column":null}},"52":{"start":{"line":87,"column":66},"end":{"line":87,"column":71}},"53":{"start":{"line":89,"column":4},"end":{"line":181,"column":null}},"54":{"start":{"line":108,"column":39},"end":{"line":108,"column":67}},"55":{"start":{"line":134,"column":40},"end":{"line":140,"column":null}},"56":{"start":{"line":151,"column":39},"end":{"line":151,"column":73}},"57":{"start":{"line":171,"column":47},"end":{"line":171,"column":71}}},"fnMap":{"0":{"name":"(anonymous_0)","decl":{"start":{"line":10,"column":6},"end":{"line":10,"column":16}},"loc":{"start":{"line":10,"column":36},"end":{"line":181,"column":null}},"line":10},"1":{"name":"(anonymous_1)","decl":{"start":{"line":22,"column":27},"end":{"line":22,"column":40}},"loc":{"start":{"line":22,"column":50},"end":{"line":22,"column":61}},"line":22},"2":{"name":"(anonymous_2)","decl":{"start":{"line":24,"column":38},"end":{"line":24,"column":45}},"loc":{"start":{"line":24,"column":50},"end":{"line":24,"column":58}},"line":24},"3":{"name":"(anonymous_3)","decl":{"start":{"line":27,"column":4},"end":{"line":27,"column":20}},"loc":{"start":{"line":27,"column":20},"end":{"line":37,"column":8}},"line":27},"4":{"name":"(anonymous_4)","decl":{"start":{"line":28,"column":35},"end":{"line":28,"column":47}},"loc":{"start":{"line":28,"column":47},"end":{"line":33,"column":null}},"line":28},"5":{"name":"(anonymous_5)","decl":{"start":{"line":40,"column":4},"end":{"line":40,"column":20}},"loc":{"start":{"line":40,"column":20},"end":{"line":56,"column":8}},"line":40},"6":{"name":"(anonymous_6)","decl":{"start":{"line":46,"column":22},"end":{"line":46,"column":39}},"loc":{"start":{"line":46,"column":39},"end":{"line":48,"column":null}},"line":46},"7":{"name":"(anonymous_7)","decl":{"start":{"line":50,"column":22},"end":{"line":50,"column":43}},"loc":{"start":{"line":50,"column":52},"end":{"line":53,"column":null}},"line":50},"8":{"name":"(anonymous_8)","decl":{"start":{"line":51,"column":16},"end":{"line":51,"column":34}},"loc":{"start":{"line":51,"column":43},"end":{"line":51,"column":58}},"line":51},"9":{"name":"(anonymous_9)","decl":{"start":{"line":55,"column":8},"end":{"line":55,"column":21}},"loc":{"start":{"line":55,"column":21},"end":{"line":55,"column":null}},"line":55},"10":{"name":"(anonymous_10)","decl":{"start":{"line":59,"column":4},"end":{"line":59,"column":20}},"loc":{"start":{"line":59,"column":20},"end":{"line":70,"column":9}},"line":59},"11":{"name":"(anonymous_11)","decl":{"start":{"line":60,"column":14},"end":{"line":60,"column":36}},"loc":{"start":{"line":60,"column":46},"end":{"line":65,"column":null}},"line":60},"12":{"name":"(anonymous_12)","decl":{"start":{"line":69,"column":8},"end":{"line":69,"column":21}},"loc":{"start":{"line":69,"column":21},"end":{"line":69,"column":82}},"line":69},"13":{"name":"(anonymous_13)","decl":{"start":{"line":72,"column":10},"end":{"line":72,"column":31}},"loc":{"start":{"line":72,"column":31},"end":{"line":74,"column":null}},"line":72},"14":{"name":"(anonymous_14)","decl":{"start":{"line":78,"column":26},"end":{"line":78,"column":38}},"loc":{"start":{"line":78,"column":38},"end":{"line":83,"column":null}},"line":78},"15":{"name":"(anonymous_15)","decl":{"start":{"line":81,"column":43},"end":{"line":81,"column":47}},"loc":{"start":{"line":81,"column":53},"end":{"line":81,"column":75}},"line":81},"16":{"name":"(anonymous_16)","decl":{"start":{"line":87,"column":10},"end":{"line":87,"column":25}},"loc":{"start":{"line":87,"column":34},"end":{"line":87,"column":null}},"line":87},"17":{"name":"(anonymous_17)","decl":{"start":{"line":87,"column":57},"end":{"line":87,"column":61}},"loc":{"start":{"line":87,"column":66},"end":{"line":87,"column":71}},"line":87},"18":{"name":"(anonymous_18)","decl":{"start":{"line":108,"column":24},"end":{"line":108,"column":39}},"loc":{"start":{"line":108,"column":39},"end":{"line":108,"column":67}},"line":108},"19":{"name":"(anonymous_19)","decl":{"start":{"line":133,"column":50},"end":{"line":133,"column":55}},"loc":{"start":{"line":134,"column":40},"end":{"line":140,"column":null}},"line":134},"20":{"name":"(anonymous_20)","decl":{"start":{"line":151,"column":24},"end":{"line":151,"column":39}},"loc":{"start":{"line":151,"column":39},"end":{"line":151,"column":73}},"line":151},"21":{"name":"(anonymous_21)","decl":{"start":{"line":171,"column":32},"end":{"line":171,"column":47}},"loc":{"start":{"line":171,"column":47},"end":{"line":171,"column":71}},"line":171}},"branchMap":{"0":{"loc":{"start":{"line":36,"column":8},"end":{"line":36,"column":null}},"type":"if","locations":[{"start":{"line":36,"column":8},"end":{"line":36,"column":null}},{"start":{},"end":{}}],"line":36},"1":{"loc":{"start":{"line":42,"column":8},"end":{"line":53,"column":null}},"type":"if","locations":[{"start":{"line":42,"column":8},"end":{"line":53,"column":null}},{"start":{},"end":{}}],"line":42},"2":{"loc":{"start":{"line":55,"column":23},"end":{"line":55,"column":null}},"type":"if","locations":[{"start":{"line":55,"column":23},"end":{"line":55,"column":null}},{"start":{},"end":{}}],"line":55},"3":{"loc":{"start":{"line":61,"column":12},"end":{"line":62,"column":null}},"type":"if","locations":[{"start":{"line":61,"column":12},"end":{"line":62,"column":null}},{"start":{},"end":{}}],"line":61},"4":{"loc":{"start":{"line":61,"column":16},"end":{"line":61,"column":82}},"type":"binary-expr","locations":[{"start":{"line":61,"column":16},"end":{"line":61,"column":39}},{"start":{"line":61,"column":39},"end":{"line":61,"column":82}}],"line":61},"5":{"loc":{"start":{"line":64,"column":12},"end":{"line":65,"column":null}},"type":"if","locations":[{"start":{"line":64,"column":12},"end":{"line":65,"column":null}},{"start":{},"end":{}}],"line":64},"6":{"loc":{"start":{"line":64,"column":16},"end":{"line":64,"column":76}},"type":"binary-expr","locations":[{"start":{"line":64,"column":16},"end":{"line":64,"column":36}},{"start":{"line":64,"column":36},"end":{"line":64,"column":76}}],"line":64},"7":{"loc":{"start":{"line":87,"column":34},"end":{"line":87,"column":null}},"type":"cond-expr","locations":[{"start":{"line":87,"column":41},"end":{"line":87,"column":110}},{"start":{"line":87,"column":113},"end":{"line":87,"column":null}}],"line":87},"8":{"loc":{"start":{"line":112,"column":25},"end":{"line":115,"column":null}},"type":"binary-expr","locations":[{"start":{"line":112,"column":25},"end":{"line":112,"column":null}},{"start":{"line":113,"column":28},"end":{"line":115,"column":null}}],"line":112},"9":{"loc":{"start":{"line":120,"column":21},"end":{"line":143,"column":null}},"type":"binary-expr","locations":[{"start":{"line":120,"column":21},"end":{"line":120,"column":null}},{"start":{"line":121,"column":24},"end":{"line":143,"column":null}}],"line":120},"10":{"loc":{"start":{"line":124,"column":33},"end":{"line":125,"column":null}},"type":"binary-expr","locations":[{"start":{"line":124,"column":33},"end":{"line":124,"column":null}},{"start":{"line":125,"column":36},"end":{"line":125,"column":null}}],"line":124},"11":{"loc":{"start":{"line":130,"column":33},"end":{"line":140,"column":null}},"type":"cond-expr","locations":[{"start":{"line":131,"column":36},"end":{"line":133,"column":50}},{"start":{"line":133,"column":36},"end":{"line":140,"column":null}}],"line":130},"12":{"loc":{"start":{"line":134,"column":137},"end":{"line":134,"column":null}},"type":"cond-expr","locations":[{"start":{"line":134,"column":150},"end":{"line":134,"column":165}},{"start":{"line":134,"column":165},"end":{"line":134,"column":null}}],"line":134},"13":{"loc":{"start":{"line":155,"column":97},"end":{"line":155,"column":128}},"type":"binary-expr","locations":[{"start":{"line":155,"column":97},"end":{"line":155,"column":111}},{"start":{"line":155,"column":111},"end":{"line":155,"column":128}}],"line":155},"14":{"loc":{"start":{"line":156,"column":99},"end":{"line":156,"column":121}},"type":"binary-expr","locations":[{"start":{"line":156,"column":99},"end":{"line":156,"column":107}},{"start":{"line":156,"column":107},"end":{"line":156,"column":121}}],"line":156},"15":{"loc":{"start":{"line":163,"column":21},"end":{"line":181,"column":null}},"type":"binary-expr","locations":[{"start":{"line":163,"column":21},"end":{"line":163,"column":null}},{"start":{"line":164,"column":24},"end":{"line":181,"column":null}}],"line":163}},"s":{"0":2,"1":23,"2":23,"3":23,"4":23,"5":23,"6":23,"7":23,"8":23,"9":3,"10":23,"11":7,"12":23,"13":10,"14":9,"15":9,"16":9,"17":0,"18":10,"19":9,"20":23,"21":10,"22":9,"23":9,"24":0,"25":9,"26":0,"27":0,"28":0,"29":10,"30":10,"31":9,"32":23,"33":10,"34":1,"35":1,"36":1,"37":1,"38":10,"39":10,"40":10,"41":23,"42":1,"43":1,"44":23,"45":2,"46":2,"47":1,"48":1,"49":1,"50":23,"51":23,"52":44,"53":23,"54":4,"55":3,"56":4,"57":0},"f":{"0":23,"1":3,"2":7,"3":10,"4":9,"5":10,"6":0,"7":0,"8":0,"9":10,"10":10,"11":1,"12":10,"13":1,"14":2,"15":1,"16":23,"17":44,"18":4,"19":3,"20":4,"21":0},"b":{"0":[9,1],"1":[9,1],"2":[9,1],"3":[1,0],"4":[1,1],"5":[1,0],"6":[1,1],"7":[22,1],"8":[23,7],"9":[23,3],"10":[3,3],"11":[0,3],"12":[0,3],"13":[23,1],"14":[23,1],"15":[23,3]},"meta":{"lastBranch":16,"lastFunction":22,"lastStatement":58,"seen":{"s:10:6:181:Infinity":0,"f:10:6:10:16":0,"s:12:27:12:63":1,"s:13:10:13:36":2,"s:16:24:16:57":3,"s:17:10:17:33":4,"s:18:26:18:58":5,"s:20:10:20:34":6,"s:21:10:21:34":7,"s:22:18:22:61":8,"f:22:27:22:40":1,"s:22:50:22:61":9,"s:24:24:24:Infinity":10,"f:24:38:24:45":2,"s:24:50:24:58":11,"s:27:4:37:Infinity":12,"f:27:4:27:20":3,"s:28:35:33:Infinity":13,"f:28:35:28:47":4,"s:29:12:33:Infinity":14,"s:30:28:30:66":15,"s:31:16:31:Infinity":16,"s:33:16:33:Infinity":17,"b:36:8:36:Infinity:undefined:undefined:undefined:undefined":0,"s:36:8:36:Infinity":18,"s:36:18:36:Infinity":19,"s:40:4:56:Infinity":20,"f:40:4:40:20":5,"b:42:8:53:Infinity:undefined:undefined:undefined:undefined":1,"s:42:8:53:Infinity":21,"s:43:12:43:Infinity":22,"s:46:12:48:Infinity":23,"f:46:22:46:39":6,"s:47:16:47:Infinity":24,"s:50:12:53:Infinity":25,"f:50:22:50:43":7,"s:51:16:51:Infinity":26,"f:51:16:51:34":8,"s:51:43:51:58":27,"s:52:16:52:Infinity":28,"s:55:8:55:Infinity":29,"f:55:8:55:21":9,"b:55:23:55:Infinity:undefined:undefined:undefined:undefined":2,"s:55:23:55:Infinity":30,"s:55:35:55:Infinity":31,"s:59:4:70:Infinity":32,"f:59:4:59:20":10,"s:60:14:65:Infinity":33,"f:60:14:60:36":11,"b:61:12:62:Infinity:undefined:undefined:undefined:undefined":3,"s:61:12:62:Infinity":34,"b:61:16:61:39:61:39:61:82":4,"s:62:16:62:Infinity":35,"b:64:12:65:Infinity:undefined:undefined:undefined:undefined":5,"s:64:12:65:Infinity":36,"b:64:16:64:36:64:36:64:76":6,"s:65:16:65:Infinity":37,"s:68:8:68:Infinity":38,"s:69:8:69:Infinity":39,"f:69:8:69:21":12,"s:69:21:69:82":40,"s:72:10:74:Infinity":41,"f:72:10:72:31":13,"s:73:8:73:Infinity":42,"s:74:8:74:Infinity":43,"s:78:26:83:Infinity":44,"f:78:26:78:38":14,"s:79:8:83:Infinity":45,"s:80:12:80:Infinity":46,"s:81:12:81:Infinity":47,"f:81:43:81:47":15,"s:81:53:81:75":48,"s:83:12:83:Infinity":49,"s:87:10:87:Infinity":50,"f:87:10:87:25":16,"s:87:34:87:Infinity":51,"b:87:41:87:110:87:113:87:Infinity":7,"f:87:57:87:61":17,"s:87:66:87:71":52,"s:89:4:181:Infinity":53,"f:108:24:108:39":18,"s:108:39:108:67":54,"b:112:25:112:Infinity:113:28:115:Infinity":8,"b:120:21:120:Infinity:121:24:143:Infinity":9,"b:124:33:124:Infinity:125:36:125:Infinity":10,"b:131:36:133:50:133:36:140:Infinity":11,"f:133:50:133:55":19,"s:134:40:140:Infinity":55,"b:134:150:134:165:134:165:134:Infinity":12,"f:151:24:151:39":20,"s:151:39:151:73":56,"b:155:97:155:111:155:111:155:128":13,"b:156:99:156:107:156:107:156:121":14,"b:163:21:163:Infinity:164:24:181:Infinity":15,"f:171:32:171:47":21,"s:171:47:171:71":57}}}
,"C:\\Users\\DELL\\OneDrive\\Desktop\\AssignmentProject\\enterpriseapp\\src\\components\\ProtectedRoute.jsx": {"path":"C:\\Users\\DELL\\OneDrive\\Desktop\\AssignmentProject\\enterpriseapp\\src\\components\\ProtectedRoute.jsx","statementMap":{"0":{"start":{"line":4,"column":6},"end":{"line":17,"column":null}},"1":{"start":{"line":5,"column":29},"end":{"line":5,"column":72}},"2":{"start":{"line":5,"column":61},"end":{"line":5,"column":72}},"3":{"start":{"line":7,"column":4},"end":{"line":8,"column":null}},"4":{"start":{"line":8,"column":8},"end":{"line":8,"column":null}},"5":{"start":{"line":11,"column":4},"end":{"line":13,"column":null}},"6":{"start":{"line":13,"column":8},"end":{"line":13,"column":null}},"7":{"start":{"line":17,"column":4},"end":{"line":17,"column":null}}},"fnMap":{"0":{"name":"(anonymous_0)","decl":{"start":{"line":4,"column":6},"end":{"line":4,"column":24}},"loc":{"start":{"line":4,"column":45},"end":{"line":17,"column":null}},"line":4},"1":{"name":"(anonymous_1)","decl":{"start":{"line":5,"column":38},"end":{"line":5,"column":51}},"loc":{"start":{"line":5,"column":61},"end":{"line":5,"column":72}},"line":5}},"branchMap":{"0":{"loc":{"start":{"line":7,"column":4},"end":{"line":8,"column":null}},"type":"if","locations":[{"start":{"line":7,"column":4},"end":{"line":8,"column":null}},{"start":{},"end":{}}],"line":7},"1":{"loc":{"start":{"line":11,"column":4},"end":{"line":13,"column":null}},"type":"if","locations":[{"start":{"line":11,"column":4},"end":{"line":13,"column":null}},{"start":{},"end":{}}],"line":11},"2":{"loc":{"start":{"line":11,"column":8},"end":{"line":11,"column":52}},"type":"binary-expr","locations":[{"start":{"line":11,"column":8},"end":{"line":11,"column":24}},{"start":{"line":11,"column":24},"end":{"line":11,"column":52}}],"line":11}},"s":{"0":3,"1":15,"2":2,"3":15,"4":3,"5":12,"6":3,"7":9},"f":{"0":15,"1":2},"b":{"0":[3,12],"1":[3,9],"2":[12,5]},"meta":{"lastBranch":3,"lastFunction":2,"lastStatement":8,"seen":{"s:4:6:17:Infinity":0,"f:4:6:4:24":0,"s:5:29:5:72":1,"f:5:38:5:51":1,"s:5:61:5:72":2,"b:7:4:8:Infinity:undefined:undefined:undefined:undefined":0,"s:7:4:8:Infinity":3,"s:8:8:8:Infinity":4,"b:11:4:13:Infinity:undefined:undefined:undefined:undefined":1,"s:11:4:13:Infinity":5,"b:11:8:11:24:11:24:11:52":2,"s:13:8:13:Infinity":6,"s:17:4:17:Infinity":7}}}
,"C:\\Users\\DELL\\OneDrive\\Desktop\\AssignmentProject\\enterpriseapp\\src\\components\\Sidebar.jsx": {"path":"C:\\Users\\DELL\\OneDrive\\Desktop\\AssignmentProject\\enterpriseapp\\src\\components\\Sidebar.jsx","statementMap":{"0":{"start":{"line":5,"column":6},"end":{"line":57,"column":null}},"1":{"start":{"line":6,"column":12},"end":{"line":6,"column":55}},"2":{"start":{"line":6,"column":44},"end":{"line":6,"column":55}},"3":{"start":{"line":8,"column":4},"end":{"line":57,"column":null}},"4":{"start":{"line":18,"column":39},"end":{"line":18,"column":55}},"5":{"start":{"line":26,"column":35},"end":{"line":26,"column":51}},"6":{"start":{"line":27,"column":49},"end":{"line":27,"column":null}},"7":{"start":{"line":35,"column":35},"end":{"line":35,"column":51}},"8":{"start":{"line":36,"column":49},"end":{"line":36,"column":null}},"9":{"start":{"line":44,"column":35},"end":{"line":44,"column":51}},"10":{"start":{"line":45,"column":49},"end":{"line":45,"column":null}},"11":{"start":{"line":54,"column":39},"end":{"line":54,"column":55}},"12":{"start":{"line":55,"column":53},"end":{"line":55,"column":null}}},"fnMap":{"0":{"name":"(anonymous_0)","decl":{"start":{"line":5,"column":6},"end":{"line":5,"column":17}},"loc":{"start":{"line":5,"column":43},"end":{"line":57,"column":null}},"line":5},"1":{"name":"(anonymous_1)","decl":{"start":{"line":6,"column":21},"end":{"line":6,"column":34}},"loc":{"start":{"line":6,"column":44},"end":{"line":6,"column":55}},"line":6},"2":{"name":"(anonymous_2)","decl":{"start":{"line":18,"column":24},"end":{"line":18,"column":39}},"loc":{"start":{"line":18,"column":39},"end":{"line":18,"column":55}},"line":18},"3":{"name":"(anonymous_3)","decl":{"start":{"line":26,"column":20},"end":{"line":26,"column":35}},"loc":{"start":{"line":26,"column":35},"end":{"line":26,"column":51}},"line":26},"4":{"name":"(anonymous_4)","decl":{"start":{"line":27,"column":20},"end":{"line":27,"column":32}},"loc":{"start":{"line":27,"column":49},"end":{"line":27,"column":null}},"line":27},"5":{"name":"(anonymous_5)","decl":{"start":{"line":35,"column":20},"end":{"line":35,"column":35}},"loc":{"start":{"line":35,"column":35},"end":{"line":35,"column":51}},"line":35},"6":{"name":"(anonymous_6)","decl":{"start":{"line":36,"column":20},"end":{"line":36,"column":32}},"loc":{"start":{"line":36,"column":49},"end":{"line":36,"column":null}},"line":36},"7":{"name":"(anonymous_7)","decl":{"start":{"line":44,"column":20},"end":{"line":44,"column":35}},"loc":{"start":{"line":44,"column":35},"end":{"line":44,"column":51}},"line":44},"8":{"name":"(anonymous_8)","decl":{"start":{"line":45,"column":20},"end":{"line":45,"column":32}},"loc":{"start":{"line":45,"column":49},"end":{"line":45,"column":null}},"line":45},"9":{"name":"(anonymous_9)","decl":{"start":{"line":54,"column":24},"end":{"line":54,"column":39}},"loc":{"start":{"line":54,"column":39},"end":{"line":54,"column":55}},"line":54},"10":{"name":"(anonymous_10)","decl":{"start":{"line":55,"column":24},"end":{"line":55,"column":36}},"loc":{"start":{"line":55,"column":53},"end":{"line":55,"column":null}},"line":55}},"branchMap":{"0":{"loc":{"start":{"line":10,"column":252},"end":{"line":10,"column":null}},"type":"cond-expr","locations":[{"start":{"line":10,"column":261},"end":{"line":10,"column":279}},{"start":{"line":10,"column":279},"end":{"line":10,"column":null}}],"line":10},"1":{"loc":{"start":{"line":27,"column":127},"end":{"line":27,"column":null}},"type":"cond-expr","locations":[{"start":{"line":27,"column":138},"end":{"line":27,"column":165}},{"start":{"line":27,"column":165},"end":{"line":27,"column":null}}],"line":27},"2":{"loc":{"start":{"line":36,"column":127},"end":{"line":36,"column":null}},"type":"cond-expr","locations":[{"start":{"line":36,"column":138},"end":{"line":36,"column":165}},{"start":{"line":36,"column":165},"end":{"line":36,"column":null}}],"line":36},"3":{"loc":{"start":{"line":45,"column":127},"end":{"line":45,"column":null}},"type":"cond-expr","locations":[{"start":{"line":45,"column":138},"end":{"line":45,"column":165}},{"start":{"line":45,"column":165},"end":{"line":45,"column":null}}],"line":45},"4":{"loc":{"start":{"line":51,"column":17},"end":{"line":57,"column":null}},"type":"binary-expr","locations":[{"start":{"line":51,"column":17},"end":{"line":51,"column":null}},{"start":{"line":52,"column":20},"end":{"line":57,"column":null}}],"line":51},"5":{"loc":{"start":{"line":55,"column":131},"end":{"line":55,"column":null}},"type":"cond-expr","locations":[{"start":{"line":55,"column":142},"end":{"line":55,"column":169}},{"start":{"line":55,"column":169},"end":{"line":55,"column":null}}],"line":55}},"s":{"0":2,"1":7,"2":2,"3":7,"4":1,"5":1,"6":8,"7":0,"8":8,"9":0,"10":8,"11":0,"12":1},"f":{"0":7,"1":2,"2":1,"3":1,"4":8,"5":0,"6":8,"7":0,"8":8,"9":0,"10":1},"b":{"0":[5,2],"1":[2,6],"2":[0,8],"3":[0,8],"4":[7,1],"5":[0,1]},"meta":{"lastBranch":6,"lastFunction":11,"lastStatement":13,"seen":{"s:5:6:57:Infinity":0,"f:5:6:5:17":0,"s:6:12:6:55":1,"f:6:21:6:34":1,"s:6:44:6:55":2,"s:8:4:57:Infinity":3,"b:10:261:10:279:10:279:10:Infinity":0,"f:18:24:18:39":2,"s:18:39:18:55":4,"f:26:20:26:35":3,"s:26:35:26:51":5,"f:27:20:27:32":4,"s:27:49:27:Infinity":6,"b:27:138:27:165:27:165:27:Infinity":1,"f:35:20:35:35":5,"s:35:35:35:51":7,"f:36:20:36:32":6,"s:36:49:36:Infinity":8,"b:36:138:36:165:36:165:36:Infinity":2,"f:44:20:44:35":7,"s:44:35:44:51":9,"f:45:20:45:32":8,"s:45:49:45:Infinity":10,"b:45:138:45:165:45:165:45:Infinity":3,"b:51:17:51:Infinity:52:20:57:Infinity":4,"f:54:24:54:39":9,"s:54:39:54:55":11,"f:55:24:55:36":10,"s:55:53:55:Infinity":12,"b:55:142:55:169:55:169:55:Infinity":5}}}
,"C:\\Users\\DELL\\OneDrive\\Desktop\\AssignmentProject\\enterpriseapp\\src\\context\\ThemeContext.jsx": {"path":"C:\\Users\\DELL\\OneDrive\\Desktop\\AssignmentProject\\enterpriseapp\\src\\context\\ThemeContext.jsx","statementMap":{"0":{"start":{"line":3,"column":6},"end":{"line":3,"column":36}},"1":{"start":{"line":5,"column":13},"end":{"line":32,"column":null}},"2":{"start":{"line":7,"column":23},"end":{"line":13,"column":null}},"3":{"start":{"line":8,"column":27},"end":{"line":8,"column":56}},"4":{"start":{"line":9,"column":8},"end":{"line":10,"column":null}},"5":{"start":{"line":10,"column":12},"end":{"line":10,"column":null}},"6":{"start":{"line":12,"column":8},"end":{"line":12,"column":null}},"7":{"start":{"line":16,"column":4},"end":{"line":25,"column":null}},"8":{"start":{"line":17,"column":21},"end":{"line":17,"column":null}},"9":{"start":{"line":18,"column":8},"end":{"line":23,"column":null}},"10":{"start":{"line":19,"column":12},"end":{"line":19,"column":null}},"11":{"start":{"line":20,"column":12},"end":{"line":20,"column":null}},"12":{"start":{"line":22,"column":12},"end":{"line":22,"column":null}},"13":{"start":{"line":23,"column":12},"end":{"line":23,"column":null}},"14":{"start":{"line":27,"column":10},"end":{"line":27,"column":60}},"15":{"start":{"line":27,"column":30},"end":{"line":27,"column":60}},"16":{"start":{"line":27,"column":54},"end":{"line":27,"column":60}},"17":{"start":{"line":29,"column":4},"end":{"line":32,"column":null}},"18":{"start":{"line":37,"column":13},"end":{"line":37,"column":54}}},"fnMap":{"0":{"name":"(anonymous_0)","decl":{"start":{"line":5,"column":13},"end":{"line":5,"column":30}},"loc":{"start":{"line":5,"column":47},"end":{"line":32,"column":null}},"line":5},"1":{"name":"(anonymous_1)","decl":{"start":{"line":7,"column":40},"end":{"line":7,"column":55}},"loc":{"start":{"line":7,"column":55},"end":{"line":13,"column":null}},"line":7},"2":{"name":"(anonymous_2)","decl":{"start":{"line":16,"column":4},"end":{"line":16,"column":20}},"loc":{"start":{"line":16,"column":20},"end":{"line":25,"column":8}},"line":16},"3":{"name":"(anonymous_3)","decl":{"start":{"line":27,"column":10},"end":{"line":27,"column":30}},"loc":{"start":{"line":27,"column":30},"end":{"line":27,"column":60}},"line":27},"4":{"name":"(anonymous_4)","decl":{"start":{"line":27,"column":30},"end":{"line":27,"column":45}},"loc":{"start":{"line":27,"column":54},"end":{"line":27,"column":60}},"line":27},"5":{"name":"(anonymous_5)","decl":{"start":{"line":37,"column":13},"end":{"line":37,"column":30}},"loc":{"start":{"line":37,"column":13},"end":{"line":37,"column":54}},"line":37}},"branchMap":{"0":{"loc":{"start":{"line":9,"column":8},"end":{"line":10,"column":null}},"type":"if","locations":[{"start":{"line":9,"column":8},"end":{"line":10,"column":null}},{"start":{},"end":{}}],"line":9},"1":{"loc":{"start":{"line":18,"column":8},"end":{"line":23,"column":null}},"type":"if","locations":[{"start":{"line":18,"column":8},"end":{"line":23,"column":null}},{"start":{"line":21,"column":15},"end":{"line":23,"column":null}}],"line":18}},"s":{"0":2,"1":2,"2":8,"3":6,"4":6,"5":3,"6":3,"7":8,"8":8,"9":8,"10":3,"11":3,"12":5,"13":5,"14":8,"15":2,"16":2,"17":8,"18":8},"f":{"0":8,"1":6,"2":8,"3":2,"4":2,"5":8},"b":{"0":[3,3],"1":[3,5]},"meta":{"lastBranch":2,"lastFunction":6,"lastStatement":19,"seen":{"s:3:6:3:36":0,"s:5:13:32:Infinity":1,"f:5:13:5:30":0,"s:7:23:13:Infinity":2,"f:7:40:7:55":1,"s:8:27:8:56":3,"b:9:8:10:Infinity:undefined:undefined:undefined:undefined":0,"s:9:8:10:Infinity":4,"s:10:12:10:Infinity":5,"s:12:8:12:Infinity":6,"s:16:4:25:Infinity":7,"f:16:4:16:20":2,"s:17:21:17:Infinity":8,"b:18:8:23:Infinity:21:15:23:Infinity":1,"s:18:8:23:Infinity":9,"s:19:12:19:Infinity":10,"s:20:12:20:Infinity":11,"s:22:12:22:Infinity":12,"s:23:12:23:Infinity":13,"s:27:10:27:60":14,"f:27:10:27:30":3,"s:27:30:27:60":15,"f:27:30:27:45":4,"s:27:54:27:60":16,"s:29:4:32:Infinity":17,"s:37:13:37:54":18,"f:37:13:37:30":5}}}
,"C:\\Users\\DELL\\OneDrive\\Desktop\\AssignmentProject\\enterpriseapp\\src\\features\\ProjectForm.jsx": {"path":"C:\\Users\\DELL\\OneDrive\\Desktop\\AssignmentProject\\enterpriseapp\\src\\features\\ProjectForm.jsx","statementMap":{"0":{"start":{"line":5,"column":6},"end":{"line":114,"column":null}},"1":{"start":{"line":6,"column":24},"end":{"line":6,"column":96}},"2":{"start":{"line":7,"column":25},"end":{"line":7,"column":136}},"3":{"start":{"line":10,"column":4},"end":{"line":18,"column":null}},"4":{"start":{"line":11,"column":8},"end":{"line":16,"column":null}},"5":{"start":{"line":12,"column":12},"end":{"line":16,"column":null}},"6":{"start":{"line":20,"column":10},"end":{"line":20,"column":153}},"7":{"start":{"line":20,"column":37},"end":{"line":20,"column":153}},"8":{"start":{"line":21,"column":10},"end":{"line":21,"column":96}},"9":{"start":{"line":21,"column":42},"end":{"line":21,"column":96}},"10":{"start":{"line":21,"column":83},"end":{"line":21,"column":95}},"11":{"start":{"line":23,"column":10},"end":{"line":34,"column":null}},"12":{"start":{"line":24,"column":8},"end":{"line":34,"column":null}},"13":{"start":{"line":25,"column":12},"end":{"line":31,"column":null}},"14":{"start":{"line":26,"column":34},"end":{"line":26,"column":null}},"15":{"start":{"line":27,"column":16},"end":{"line":29,"column":null}},"16":{"start":{"line":28,"column":41},"end":{"line":28,"column":78}},"17":{"start":{"line":28,"column":63},"end":{"line":28,"column":78}},"18":{"start":{"line":29,"column":20},"end":{"line":29,"column":null}},"19":{"start":{"line":31,"column":16},"end":{"line":31,"column":null}},"20":{"start":{"line":33,"column":12},"end":{"line":33,"column":null}},"21":{"start":{"line":37,"column":10},"end":{"line":49,"column":null}},"22":{"start":{"line":38,"column":8},"end":{"line":38,"column":null}},"23":{"start":{"line":39,"column":8},"end":{"line":39,"column":null}},"24":{"start":{"line":39,"column":32},"end":{"line":39,"column":null}},"25":{"start":{"line":42,"column":27},"end":{"line":42,"column":94}},"26":{"start":{"line":42,"column":67},"end":{"line":42,"column":89}},"27":{"start":{"line":44,"column":8},"end":{"line":49,"column":null}},"28":{"start":{"line":52,"column":25},"end":{"line":52,"column":null}},"29":{"start":{"line":54,"column":4},"end":{"line":114,"column":null}},"30":{"start":{"line":58,"column":78},"end":{"line":58,"column":135}},"31":{"start":{"line":63,"column":84},"end":{"line":63,"column":147}},"32":{"start":{"line":69,"column":81},"end":{"line":69,"column":141}},"33":{"start":{"line":77,"column":24},"end":{"line":101,"column":null}},"34":{"start":{"line":79,"column":69},"end":{"line":79,"column":99}},"35":{"start":{"line":84,"column":87},"end":{"line":84,"column":137}},"36":{"start":{"line":87,"column":79},"end":{"line":87,"column":128}},"37":{"start":{"line":93,"column":85},"end":{"line":93,"column":140}},"38":{"start":{"line":96,"column":44},"end":{"line":96,"column":null}}},"fnMap":{"0":{"name":"(anonymous_0)","decl":{"start":{"line":5,"column":6},"end":{"line":5,"column":21}},"loc":{"start":{"line":5,"column":86},"end":{"line":114,"column":null}},"line":5},"1":{"name":"(anonymous_1)","decl":{"start":{"line":10,"column":4},"end":{"line":10,"column":20}},"loc":{"start":{"line":10,"column":20},"end":{"line":18,"column":8}},"line":10},"2":{"name":"(anonymous_2)","decl":{"start":{"line":20,"column":10},"end":{"line":20,"column":37}},"loc":{"start":{"line":20,"column":37},"end":{"line":20,"column":153}},"line":20},"3":{"name":"(anonymous_3)","decl":{"start":{"line":21,"column":10},"end":{"line":21,"column":35}},"loc":{"start":{"line":21,"column":42},"end":{"line":21,"column":96}},"line":21},"4":{"name":"(anonymous_4)","decl":{"start":{"line":21,"column":71},"end":{"line":21,"column":78}},"loc":{"start":{"line":21,"column":83},"end":{"line":21,"column":95}},"line":21},"5":{"name":"(anonymous_5)","decl":{"start":{"line":23,"column":10},"end":{"line":23,"column":30}},"loc":{"start":{"line":23,"column":51},"end":{"line":34,"column":null}},"line":23},"6":{"name":"(anonymous_6)","decl":{"start":{"line":24,"column":37},"end":{"line":24,"column":41}},"loc":{"start":{"line":24,"column":46},"end":{"line":34,"column":11}},"line":24},"7":{"name":"(anonymous_7)","decl":{"start":{"line":28,"column":53},"end":{"line":28,"column":58}},"loc":{"start":{"line":28,"column":63},"end":{"line":28,"column":78}},"line":28},"8":{"name":"(anonymous_8)","decl":{"start":{"line":37,"column":10},"end":{"line":37,"column":27}},"loc":{"start":{"line":37,"column":33},"end":{"line":49,"column":null}},"line":37},"9":{"name":"(anonymous_9)","decl":{"start":{"line":42,"column":55},"end":{"line":42,"column":62}},"loc":{"start":{"line":42,"column":67},"end":{"line":42,"column":89}},"line":42},"10":{"name":"(anonymous_10)","decl":{"start":{"line":58,"column":61},"end":{"line":58,"column":72}},"loc":{"start":{"line":58,"column":78},"end":{"line":58,"column":135}},"line":58},"11":{"name":"(anonymous_11)","decl":{"start":{"line":63,"column":67},"end":{"line":63,"column":78}},"loc":{"start":{"line":63,"column":84},"end":{"line":63,"column":147}},"line":63},"12":{"name":"(anonymous_12)","decl":{"start":{"line":69,"column":64},"end":{"line":69,"column":75}},"loc":{"start":{"line":69,"column":81},"end":{"line":69,"column":141}},"line":69},"13":{"name":"(anonymous_13)","decl":{"start":{"line":76,"column":34},"end":{"line":76,"column":39}},"loc":{"start":{"line":77,"column":24},"end":{"line":101,"column":null}},"line":77},"14":{"name":"(anonymous_14)","decl":{"start":{"line":79,"column":54},"end":{"line":79,"column":69}},"loc":{"start":{"line":79,"column":69},"end":{"line":79,"column":99}},"line":79},"15":{"name":"(anonymous_15)","decl":{"start":{"line":84,"column":70},"end":{"line":84,"column":81}},"loc":{"start":{"line":84,"column":87},"end":{"line":84,"column":137}},"line":84},"16":{"name":"(anonymous_16)","decl":{"start":{"line":87,"column":62},"end":{"line":87,"column":73}},"loc":{"start":{"line":87,"column":79},"end":{"line":87,"column":128}},"line":87},"17":{"name":"(anonymous_17)","decl":{"start":{"line":93,"column":68},"end":{"line":93,"column":79}},"loc":{"start":{"line":93,"column":85},"end":{"line":93,"column":140}},"line":93},"18":{"name":"(anonymous_18)","decl":{"start":{"line":95,"column":53},"end":{"line":95,"column":57}},"loc":{"start":{"line":96,"column":44},"end":{"line":96,"column":null}},"line":96}},"branchMap":{"0":{"loc":{"start":{"line":5,"column":43},"end":{"line":5,"column":63}},"type":"default-arg","locations":[{"start":{"line":5,"column":57},"end":{"line":5,"column":63}}],"line":5},"1":{"loc":{"start":{"line":5,"column":63},"end":{"line":5,"column":79}},"type":"default-arg","locations":[{"start":{"line":5,"column":77},"end":{"line":5,"column":79}}],"line":5},"2":{"loc":{"start":{"line":11,"column":8},"end":{"line":16,"column":null}},"type":"if","locations":[{"start":{"line":11,"column":8},"end":{"line":16,"column":null}},{"start":{},"end":{}}],"line":11},"3":{"loc":{"start":{"line":13,"column":23},"end":{"line":13,"column":null}},"type":"binary-expr","locations":[{"start":{"line":13,"column":23},"end":{"line":13,"column":44}},{"start":{"line":13,"column":44},"end":{"line":13,"column":null}}],"line":13},"4":{"loc":{"start":{"line":14,"column":29},"end":{"line":14,"column":null}},"type":"binary-expr","locations":[{"start":{"line":14,"column":29},"end":{"line":14,"column":56}},{"start":{"line":14,"column":56},"end":{"line":14,"column":null}}],"line":14},"5":{"loc":{"start":{"line":15,"column":26},"end":{"line":15,"column":null}},"type":"cond-expr","locations":[{"start":{"line":15,"column":49},"end":{"line":15,"column":86}},{"start":{"line":15,"column":86},"end":{"line":15,"column":null}}],"line":15},"6":{"loc":{"start":{"line":25,"column":12},"end":{"line":31,"column":null}},"type":"if","locations":[{"start":{"line":25,"column":12},"end":{"line":31,"column":null}},{"start":{},"end":{}}],"line":25},"7":{"loc":{"start":{"line":27,"column":16},"end":{"line":29,"column":null}},"type":"if","locations":[{"start":{"line":27,"column":16},"end":{"line":29,"column":null}},{"start":{},"end":{}}],"line":27},"8":{"loc":{"start":{"line":29,"column":47},"end":{"line":29,"column":null}},"type":"cond-expr","locations":[{"start":{"line":29,"column":62},"end":{"line":29,"column":82}},{"start":{"line":29,"column":82},"end":{"line":29,"column":null}}],"line":29},"9":{"loc":{"start":{"line":39,"column":8},"end":{"line":39,"column":null}},"type":"if","locations":[{"start":{"line":39,"column":8},"end":{"line":39,"column":null}},{"start":{},"end":{}}],"line":39},"10":{"loc":{"start":{"line":42,"column":27},"end":{"line":42,"column":94}},"type":"cond-expr","locations":[{"start":{"line":42,"column":42},"end":{"line":42,"column":89}},{"start":{"line":42,"column":92},"end":{"line":42,"column":94}}],"line":42},"11":{"loc":{"start":{"line":47,"column":22},"end":{"line":47,"column":null}},"type":"binary-expr","locations":[{"start":{"line":47,"column":22},"end":{"line":47,"column":46}},{"start":{"line":47,"column":46},"end":{"line":47,"column":null}}],"line":47},"12":{"loc":{"start":{"line":73,"column":13},"end":{"line":105,"column":null}},"type":"binary-expr","locations":[{"start":{"line":73,"column":13},"end":{"line":73,"column":null}},{"start":{"line":74,"column":16},"end":{"line":105,"column":null}}],"line":73},"13":{"loc":{"start":{"line":78,"column":29},"end":{"line":83,"column":29}},"type":"binary-expr","locations":[{"start":{"line":78,"column":29},"end":{"line":78,"column":null}},{"start":{"line":79,"column":32},"end":{"line":83,"column":29}}],"line":78},"14":{"loc":{"start":{"line":113,"column":21},"end":{"line":113,"column":null}},"type":"cond-expr","locations":[{"start":{"line":113,"column":35},"end":{"line":113,"column":54}},{"start":{"line":113,"column":54},"end":{"line":113,"column":null}}],"line":113}},"s":{"0":2,"1":26,"2":26,"3":26,"4":9,"5":1,"6":26,"7":3,"8":26,"9":1,"10":2,"11":26,"12":7,"13":8,"14":7,"15":7,"16":3,"17":4,"18":3,"19":7,"20":1,"21":26,"22":4,"23":4,"24":1,"25":3,"26":5,"27":4,"28":26,"29":26,"30":3,"31":1,"32":1,"33":29,"34":1,"35":3,"36":1,"37":3,"38":24},"f":{"0":26,"1":9,"2":3,"3":1,"4":2,"5":7,"6":8,"7":4,"8":4,"9":5,"10":3,"11":1,"12":1,"13":29,"14":1,"15":3,"16":1,"17":3,"18":24},"b":{"0":[26],"1":[26],"2":[1,8],"3":[1,0],"4":[1,0],"5":[1,0],"6":[7,1],"7":[3,4],"8":[3,0],"9":[1,3],"10":[3,0],"11":[4,2],"12":[26,24],"13":[29,10],"14":[2,24]},"meta":{"lastBranch":15,"lastFunction":19,"lastStatement":39,"seen":{"s:5:6:114:Infinity":0,"f:5:6:5:21":0,"b:5:57:5:63":0,"b:5:77:5:79":1,"s:6:24:6:96":1,"s:7:25:7:136":2,"s:10:4:18:Infinity":3,"f:10:4:10:20":1,"b:11:8:16:Infinity:undefined:undefined:undefined:undefined":2,"s:11:8:16:Infinity":4,"s:12:12:16:Infinity":5,"b:13:23:13:44:13:44:13:Infinity":3,"b:14:29:14:56:14:56:14:Infinity":4,"b:15:49:15:86:15:86:15:Infinity":5,"s:20:10:20:153":6,"f:20:10:20:37":2,"s:20:37:20:153":7,"s:21:10:21:96":8,"f:21:10:21:35":3,"s:21:42:21:96":9,"f:21:71:21:78":4,"s:21:83:21:95":10,"s:23:10:34:Infinity":11,"f:23:10:23:30":5,"s:24:8:34:Infinity":12,"f:24:37:24:41":6,"b:25:12:31:Infinity:undefined:undefined:undefined:undefined":6,"s:25:12:31:Infinity":13,"s:26:34:26:Infinity":14,"b:27:16:29:Infinity:undefined:undefined:undefined:undefined":7,"s:27:16:29:Infinity":15,"s:28:41:28:78":16,"f:28:53:28:58":7,"s:28:63:28:78":17,"s:29:20:29:Infinity":18,"b:29:62:29:82:29:82:29:Infinity":8,"s:31:16:31:Infinity":19,"s:33:12:33:Infinity":20,"s:37:10:49:Infinity":21,"f:37:10:37:27":8,"s:38:8:38:Infinity":22,"b:39:8:39:Infinity:undefined:undefined:undefined:undefined":9,"s:39:8:39:Infinity":23,"s:39:32:39:Infinity":24,"s:42:27:42:94":25,"b:42:42:42:89:42:92:42:94":10,"f:42:55:42:62":9,"s:42:67:42:89":26,"s:44:8:49:Infinity":27,"b:47:22:47:46:47:46:47:Infinity":11,"s:52:25:52:Infinity":28,"s:54:4:114:Infinity":29,"f:58:61:58:72":10,"s:58:78:58:135":30,"f:63:67:63:78":11,"s:63:84:63:147":31,"f:69:64:69:75":12,"s:69:81:69:141":32,"b:73:13:73:Infinity:74:16:105:Infinity":12,"f:76:34:76:39":13,"s:77:24:101:Infinity":33,"b:78:29:78:Infinity:79:32:83:29":13,"f:79:54:79:69":14,"s:79:69:79:99":34,"f:84:70:84:81":15,"s:84:87:84:137":35,"f:87:62:87:73":16,"s:87:79:87:128":36,"f:93:68:93:79":17,"s:93:85:93:140":37,"f:95:53:95:57":18,"s:96:44:96:Infinity":38,"b:113:35:113:54:113:54:113:Infinity":14}}}
,"C:\\Users\\DELL\\OneDrive\\Desktop\\AssignmentProject\\enterpriseapp\\src\\features\\TaskForm.jsx": {"path":"C:\\Users\\DELL\\OneDrive\\Desktop\\AssignmentProject\\enterpriseapp\\src\\features\\TaskForm.jsx","statementMap":{"0":{"start":{"line":9,"column":19},"end":{"line":15,"column":2}},"1":{"start":{"line":17,"column":6},"end":{"line":226,"column":null}},"2":{"start":{"line":19,"column":12},"end":{"line":19,"column":55}},"3":{"start":{"line":19,"column":44},"end":{"line":19,"column":55}},"4":{"start":{"line":22,"column":24},"end":{"line":22,"column":54}},"5":{"start":{"line":23,"column":21},"end":{"line":23,"column":48}},"6":{"start":{"line":24,"column":23},"end":{"line":24,"column":52}},"7":{"start":{"line":26,"column":56},"end":{"line":33,"column":6}},"8":{"start":{"line":36,"column":4},"end":{"line":49,"column":null}},"9":{"start":{"line":37,"column":8},"end":{"line":47,"column":null}},"10":{"start":{"line":38,"column":12},"end":{"line":44,"column":null}},"11":{"start":{"line":46,"column":12},"end":{"line":46,"column":null}},"12":{"start":{"line":47,"column":12},"end":{"line":47,"column":null}},"13":{"start":{"line":52,"column":10},"end":{"line":56,"column":null}},"14":{"start":{"line":53,"column":21},"end":{"line":53,"column":null}},"15":{"start":{"line":54,"column":8},"end":{"line":56,"column":null}},"16":{"start":{"line":55,"column":28},"end":{"line":55,"column":null}},"17":{"start":{"line":56,"column":12},"end":{"line":56,"column":null}},"18":{"start":{"line":60,"column":10},"end":{"line":61,"column":null}},"19":{"start":{"line":61,"column":8},"end":{"line":61,"column":null}},"20":{"start":{"line":61,"column":47},"end":{"line":61,"column":59}},"21":{"start":{"line":65,"column":10},"end":{"line":74,"column":null}},"22":{"start":{"line":66,"column":8},"end":{"line":66,"column":null}},"23":{"start":{"line":66,"column":32},"end":{"line":66,"column":null}},"24":{"start":{"line":67,"column":27},"end":{"line":72,"column":null}},"25":{"start":{"line":73,"column":8},"end":{"line":73,"column":null}},"26":{"start":{"line":74,"column":8},"end":{"line":74,"column":null}},"27":{"start":{"line":78,"column":10},"end":{"line":80,"column":null}},"28":{"start":{"line":80,"column":8},"end":{"line":80,"column":null}},"29":{"start":{"line":83,"column":25},"end":{"line":83,"column":null}},"30":{"start":{"line":84,"column":25},"end":{"line":84,"column":null}},"31":{"start":{"line":86,"column":4},"end":{"line":226,"column":null}},"32":{"start":{"line":162,"column":32},"end":{"line":165,"column":null}},"33":{"start":{"line":164,"column":73},"end":{"line":164,"column":98}},"34":{"start":{"line":183,"column":36},"end":{"line":189,"column":null}},"35":{"start":{"line":198,"column":49},"end":{"line":198,"column":78}},"36":{"start":{"line":199,"column":52},"end":{"line":199,"column":null}},"37":{"start":{"line":199,"column":77},"end":{"line":199,"column":97}},"38":{"start":{"line":199,"column":97},"end":{"line":199,"column":null}}},"fnMap":{"0":{"name":"(anonymous_0)","decl":{"start":{"line":17,"column":6},"end":{"line":17,"column":18}},"loc":{"start":{"line":17,"column":65},"end":{"line":226,"column":null}},"line":17},"1":{"name":"(anonymous_1)","decl":{"start":{"line":19,"column":21},"end":{"line":19,"column":34}},"loc":{"start":{"line":19,"column":44},"end":{"line":19,"column":55}},"line":19},"2":{"name":"(anonymous_2)","decl":{"start":{"line":36,"column":4},"end":{"line":36,"column":20}},"loc":{"start":{"line":36,"column":20},"end":{"line":49,"column":8}},"line":36},"3":{"name":"(anonymous_3)","decl":{"start":{"line":52,"column":10},"end":{"line":52,"column":30}},"loc":{"start":{"line":52,"column":36},"end":{"line":56,"column":null}},"line":52},"4":{"name":"(anonymous_4)","decl":{"start":{"line":60,"column":10},"end":{"line":60,"column":30}},"loc":{"start":{"line":60,"column":37},"end":{"line":61,"column":null}},"line":60},"5":{"name":"(anonymous_5)","decl":{"start":{"line":61,"column":35},"end":{"line":61,"column":42}},"loc":{"start":{"line":61,"column":47},"end":{"line":61,"column":59}},"line":61},"6":{"name":"(anonymous_6)","decl":{"start":{"line":65,"column":10},"end":{"line":65,"column":35}},"loc":{"start":{"line":65,"column":35},"end":{"line":74,"column":null}},"line":65},"7":{"name":"(anonymous_7)","decl":{"start":{"line":78,"column":10},"end":{"line":78,"column":30}},"loc":{"start":{"line":78,"column":39},"end":{"line":80,"column":null}},"line":78},"8":{"name":"(anonymous_8)","decl":{"start":{"line":161,"column":41},"end":{"line":161,"column":45}},"loc":{"start":{"line":162,"column":32},"end":{"line":165,"column":null}},"line":162},"9":{"name":"(anonymous_9)","decl":{"start":{"line":164,"column":58},"end":{"line":164,"column":73}},"loc":{"start":{"line":164,"column":73},"end":{"line":164,"column":98}},"line":164},"10":{"name":"(anonymous_10)","decl":{"start":{"line":182,"column":41},"end":{"line":182,"column":45}},"loc":{"start":{"line":183,"column":36},"end":{"line":189,"column":null}},"line":183},"11":{"name":"(anonymous_11)","decl":{"start":{"line":198,"column":32},"end":{"line":198,"column":43}},"loc":{"start":{"line":198,"column":49},"end":{"line":198,"column":78}},"line":198},"12":{"name":"(anonymous_12)","decl":{"start":{"line":199,"column":32},"end":{"line":199,"column":44}},"loc":{"start":{"line":199,"column":50},"end":{"line":199,"column":null}},"line":199}},"branchMap":{"0":{"loc":{"start":{"line":17,"column":40},"end":{"line":17,"column":65}},"type":"default-arg","locations":[{"start":{"line":17,"column":54},"end":{"line":17,"column":65}}],"line":17},"1":{"loc":{"start":{"line":37,"column":8},"end":{"line":47,"column":null}},"type":"if","locations":[{"start":{"line":37,"column":8},"end":{"line":47,"column":null}},{"start":{},"end":{}}],"line":37},"2":{"loc":{"start":{"line":39,"column":23},"end":{"line":39,"column":null}},"type":"binary-expr","locations":[{"start":{"line":39,"column":23},"end":{"line":39,"column":44}},{"start":{"line":39,"column":44},"end":{"line":39,"column":null}}],"line":39},"3":{"loc":{"start":{"line":40,"column":29},"end":{"line":40,"column":null}},"type":"binary-expr","locations":[{"start":{"line":40,"column":29},"end":{"line":40,"column":56}},{"start":{"line":40,"column":56},"end":{"line":40,"column":null}}],"line":40},"4":{"loc":{"start":{"line":41,"column":22},"end":{"line":41,"column":null}},"type":"binary-expr","locations":[{"start":{"line":41,"column":22},"end":{"line":41,"column":42}},{"start":{"line":41,"column":42},"end":{"line":41,"column":null}}],"line":41},"5":{"loc":{"start":{"line":42,"column":26},"end":{"line":42,"column":null}},"type":"binary-expr","locations":[{"start":{"line":42,"column":26},"end":{"line":42,"column":50}},{"start":{"line":42,"column":50},"end":{"line":42,"column":null}}],"line":42},"6":{"loc":{"start":{"line":43,"column":25},"end":{"line":43,"column":null}},"type":"cond-expr","locations":[{"start":{"line":43,"column":47},"end":{"line":43,"column":83}},{"start":{"line":43,"column":83},"end":{"line":43,"column":null}}],"line":43},"7":{"loc":{"start":{"line":46,"column":27},"end":{"line":46,"column":56}},"type":"binary-expr","locations":[{"start":{"line":46,"column":27},"end":{"line":46,"column":54}},{"start":{"line":46,"column":54},"end":{"line":46,"column":56}}],"line":46},"8":{"loc":{"start":{"line":47,"column":24},"end":{"line":47,"column":50}},"type":"binary-expr","locations":[{"start":{"line":47,"column":24},"end":{"line":47,"column":48}},{"start":{"line":47,"column":48},"end":{"line":47,"column":50}}],"line":47},"9":{"loc":{"start":{"line":54,"column":8},"end":{"line":56,"column":null}},"type":"if","locations":[{"start":{"line":54,"column":8},"end":{"line":56,"column":null}},{"start":{},"end":{}}],"line":54},"10":{"loc":{"start":{"line":66,"column":8},"end":{"line":66,"column":null}},"type":"if","locations":[{"start":{"line":66,"column":8},"end":{"line":66,"column":null}},{"start":{},"end":{}}],"line":66},"11":{"loc":{"start":{"line":70,"column":24},"end":{"line":70,"column":null}},"type":"binary-expr","locations":[{"start":{"line":70,"column":24},"end":{"line":70,"column":38}},{"start":{"line":70,"column":38},"end":{"line":70,"column":null}}],"line":70},"12":{"loc":{"start":{"line":99,"column":21},"end":{"line":99,"column":null}},"type":"binary-expr","locations":[{"start":{"line":99,"column":21},"end":{"line":99,"column":37}},{"start":{"line":99,"column":37},"end":{"line":99,"column":null}}],"line":99},"13":{"loc":{"start":{"line":111,"column":21},"end":{"line":111,"column":null}},"type":"binary-expr","locations":[{"start":{"line":111,"column":21},"end":{"line":111,"column":43}},{"start":{"line":111,"column":43},"end":{"line":111,"column":null}}],"line":111},"14":{"loc":{"start":{"line":122,"column":25},"end":{"line":122,"column":null}},"type":"binary-expr","locations":[{"start":{"line":122,"column":25},"end":{"line":122,"column":40}},{"start":{"line":122,"column":40},"end":{"line":122,"column":null}}],"line":122},"15":{"loc":{"start":{"line":132,"column":25},"end":{"line":132,"column":null}},"type":"binary-expr","locations":[{"start":{"line":132,"column":25},"end":{"line":132,"column":44}},{"start":{"line":132,"column":44},"end":{"line":132,"column":null}}],"line":132},"16":{"loc":{"start":{"line":159,"column":21},"end":{"line":167,"column":null}},"type":"binary-expr","locations":[{"start":{"line":159,"column":21},"end":{"line":159,"column":null}},{"start":{"line":160,"column":24},"end":{"line":167,"column":null}}],"line":159},"17":{"loc":{"start":{"line":172,"column":17},"end":{"line":205,"column":null}},"type":"binary-expr","locations":[{"start":{"line":172,"column":17},"end":{"line":172,"column":null}},{"start":{"line":173,"column":20},"end":{"line":205,"column":null}}],"line":172},"18":{"loc":{"start":{"line":179,"column":29},"end":{"line":189,"column":null}},"type":"cond-expr","locations":[{"start":{"line":180,"column":32},"end":{"line":182,"column":41}},{"start":{"line":182,"column":32},"end":{"line":189,"column":null}}],"line":179},"19":{"loc":{"start":{"line":199,"column":52},"end":{"line":199,"column":null}},"type":"if","locations":[{"start":{"line":199,"column":52},"end":{"line":199,"column":null}},{"start":{},"end":{}}],"line":199},"20":{"loc":{"start":{"line":222,"column":25},"end":{"line":222,"column":null}},"type":"cond-expr","locations":[{"start":{"line":222,"column":39},"end":{"line":222,"column":56}},{"start":{"line":222,"column":56},"end":{"line":222,"column":null}}],"line":222}},"s":{"0":2,"1":2,"2":29,"3":0,"4":29,"5":29,"6":29,"7":29,"8":29,"9":8,"10":4,"11":4,"12":4,"13":29,"14":1,"15":1,"16":1,"17":1,"18":29,"19":1,"20":1,"21":29,"22":5,"23":1,"24":4,"25":5,"26":5,"27":29,"28":1,"29":29,"30":29,"31":29,"32":2,"33":1,"34":10,"35":5,"36":3,"37":2,"38":2},"f":{"0":29,"1":0,"2":8,"3":1,"4":1,"5":1,"6":5,"7":1,"8":2,"9":1,"10":10,"11":5,"12":3},"b":{"0":[29],"1":[4,4],"2":[4,0],"3":[4,0],"4":[4,4],"5":[4,4],"6":[1,3],"7":[4,3],"8":[4,3],"9":[1,0],"10":[1,4],"11":[4,1],"12":[29,1],"13":[29,1],"14":[29,0],"15":[29,0],"16":[29,2],"17":[29,18],"18":[10,8],"19":[2,1],"20":[18,11]},"meta":{"lastBranch":21,"lastFunction":13,"lastStatement":39,"seen":{"s:9:19:15:2":0,"s:17:6:226:Infinity":1,"f:17:6:17:18":0,"b:17:54:17:65":0,"s:19:12:19:55":2,"f:19:21:19:34":1,"s:19:44:19:55":3,"s:22:24:22:54":4,"s:23:21:23:48":5,"s:24:23:24:52":6,"s:26:56:33:6":7,"s:36:4:49:Infinity":8,"f:36:4:36:20":2,"b:37:8:47:Infinity:undefined:undefined:undefined:undefined":1,"s:37:8:47:Infinity":9,"s:38:12:44:Infinity":10,"b:39:23:39:44:39:44:39:Infinity":2,"b:40:29:40:56:40:56:40:Infinity":3,"b:41:22:41:42:41:42:41:Infinity":4,"b:42:26:42:50:42:50:42:Infinity":5,"b:43:47:43:83:43:83:43:Infinity":6,"s:46:12:46:Infinity":11,"b:46:27:46:54:46:54:46:56":7,"s:47:12:47:Infinity":12,"b:47:24:47:48:47:48:47:50":8,"s:52:10:56:Infinity":13,"f:52:10:52:30":3,"s:53:21:53:Infinity":14,"b:54:8:56:Infinity:undefined:undefined:undefined:undefined":9,"s:54:8:56:Infinity":15,"s:55:28:55:Infinity":16,"s:56:12:56:Infinity":17,"s:60:10:61:Infinity":18,"f:60:10:60:30":4,"s:61:8:61:Infinity":19,"f:61:35:61:42":5,"s:61:47:61:59":20,"s:65:10:74:Infinity":21,"f:65:10:65:35":6,"b:66:8:66:Infinity:undefined:undefined:undefined:undefined":10,"s:66:8:66:Infinity":22,"s:66:32:66:Infinity":23,"s:67:27:72:Infinity":24,"b:70:24:70:38:70:38:70:Infinity":11,"s:73:8:73:Infinity":25,"s:74:8:74:Infinity":26,"s:78:10:80:Infinity":27,"f:78:10:78:30":7,"s:80:8:80:Infinity":28,"s:83:25:83:Infinity":29,"s:84:25:84:Infinity":30,"s:86:4:226:Infinity":31,"b:99:21:99:37:99:37:99:Infinity":12,"b:111:21:111:43:111:43:111:Infinity":13,"b:122:25:122:40:122:40:122:Infinity":14,"b:132:25:132:44:132:44:132:Infinity":15,"b:159:21:159:Infinity:160:24:167:Infinity":16,"f:161:41:161:45":8,"s:162:32:165:Infinity":32,"f:164:58:164:73":9,"s:164:73:164:98":33,"b:172:17:172:Infinity:173:20:205:Infinity":17,"b:180:32:182:41:182:32:189:Infinity":18,"f:182:41:182:45":10,"s:183:36:189:Infinity":34,"f:198:32:198:43":11,"s:198:49:198:78":35,"f:199:32:199:44":12,"b:199:52:199:Infinity:undefined:undefined:undefined:undefined":19,"s:199:52:199:Infinity":36,"s:199:77:199:97":37,"s:199:97:199:Infinity":38,"b:222:39:222:56:222:56:222:Infinity":20}}}
,"C:\\Users\\DELL\\OneDrive\\Desktop\\AssignmentProject\\enterpriseapp\\src\\pages\\Dashboard.jsx": {"path":"C:\\Users\\DELL\\OneDrive\\Desktop\\AssignmentProject\\enterpriseapp\\src\\pages\\Dashboard.jsx","statementMap":{"0":{"start":{"line":10,"column":6},"end":{"line":212,"column":null}},"1":{"start":{"line":11,"column":18},"end":{"line":11,"column":61}},"2":{"start":{"line":11,"column":50},"end":{"line":11,"column":61}},"3":{"start":{"line":13,"column":26},"end":{"line":13,"column":128}},"4":{"start":{"line":14,"column":22},"end":{"line":14,"column":52}},"5":{"start":{"line":15,"column":24},"end":{"line":15,"column":54}},"6":{"start":{"line":16,"column":23},"end":{"line":16,"column":52}},"7":{"start":{"line":19,"column":31},"end":{"line":19,"column":71}},"8":{"start":{"line":20,"column":24},"end":{"line":20,"column":82}},"9":{"start":{"line":21,"column":25},"end":{"line":21,"column":136}},"10":{"start":{"line":23,"column":32},"end":{"line":66,"column":null}},"11":{"start":{"line":24,"column":8},"end":{"line":24,"column":null}},"12":{"start":{"line":26,"column":8},"end":{"line":42,"column":null}},"13":{"start":{"line":27,"column":44},"end":{"line":30,"column":14}},"14":{"start":{"line":32,"column":26},"end":{"line":32,"column":null}},"15":{"start":{"line":35,"column":12},"end":{"line":40,"column":null}},"16":{"start":{"line":42,"column":12},"end":{"line":42,"column":null}},"17":{"start":{"line":45,"column":8},"end":{"line":54,"column":null}},"18":{"start":{"line":46,"column":12},"end":{"line":54,"column":null}},"19":{"start":{"line":47,"column":33},"end":{"line":47,"column":56}},"20":{"start":{"line":50,"column":38},"end":{"line":50,"column":86}},"21":{"start":{"line":50,"column":64},"end":{"line":50,"column":86}},"22":{"start":{"line":52,"column":16},"end":{"line":52,"column":null}},"23":{"start":{"line":54,"column":16},"end":{"line":54,"column":null}},"24":{"start":{"line":59,"column":8},"end":{"line":63,"column":null}},"25":{"start":{"line":60,"column":32},"end":{"line":60,"column":67}},"26":{"start":{"line":61,"column":12},"end":{"line":61,"column":null}},"27":{"start":{"line":63,"column":12},"end":{"line":63,"column":null}},"28":{"start":{"line":66,"column":8},"end":{"line":66,"column":null}},"29":{"start":{"line":69,"column":4},"end":{"line":69,"column":null}},"30":{"start":{"line":69,"column":22},"end":{"line":69,"column":48}},"31":{"start":{"line":97,"column":26},"end":{"line":106,"column":null}},"32":{"start":{"line":99,"column":8},"end":{"line":106,"column":null}},"33":{"start":{"line":100,"column":12},"end":{"line":100,"column":null}},"34":{"start":{"line":102,"column":12},"end":{"line":102,"column":null}},"35":{"start":{"line":103,"column":12},"end":{"line":103,"column":null}},"36":{"start":{"line":104,"column":12},"end":{"line":104,"column":null}},"37":{"start":{"line":106,"column":12},"end":{"line":106,"column":null}},"38":{"start":{"line":112,"column":4},"end":{"line":112,"column":null}},"39":{"start":{"line":112,"column":19},"end":{"line":112,"column":null}},"40":{"start":{"line":114,"column":18},"end":{"line":119,"column":null}},"41":{"start":{"line":122,"column":22},"end":{"line":122,"column":null}},"42":{"start":{"line":124,"column":4},"end":{"line":212,"column":null}},"43":{"start":{"line":134,"column":39},"end":{"line":134,"column":66}},"44":{"start":{"line":145,"column":33},"end":{"line":145,"column":null}},"45":{"start":{"line":146,"column":20},"end":{"line":153,"column":null}},"46":{"start":{"line":187,"column":36},"end":{"line":194,"column":null}},"47":{"start":{"line":203,"column":62},"end":{"line":203,"column":90}},"48":{"start":{"line":209,"column":40},"end":{"line":209,"column":null}}},"fnMap":{"0":{"name":"(anonymous_0)","decl":{"start":{"line":10,"column":6},"end":{"line":10,"column":24}},"loc":{"start":{"line":10,"column":24},"end":{"line":212,"column":null}},"line":10},"1":{"name":"(anonymous_1)","decl":{"start":{"line":11,"column":27},"end":{"line":11,"column":40}},"loc":{"start":{"line":11,"column":50},"end":{"line":11,"column":61}},"line":11},"2":{"name":"(anonymous_2)","decl":{"start":{"line":23,"column":32},"end":{"line":23,"column":44}},"loc":{"start":{"line":23,"column":44},"end":{"line":66,"column":null}},"line":23},"3":{"name":"(anonymous_3)","decl":{"start":{"line":50,"column":52},"end":{"line":50,"column":59}},"loc":{"start":{"line":50,"column":64},"end":{"line":50,"column":86}},"line":50},"4":{"name":"(anonymous_4)","decl":{"start":{"line":69,"column":4},"end":{"line":69,"column":20}},"loc":{"start":{"line":69,"column":20},"end":{"line":69,"column":49}},"line":69},"5":{"name":"(anonymous_5)","decl":{"start":{"line":97,"column":26},"end":{"line":97,"column":33}},"loc":{"start":{"line":97,"column":49},"end":{"line":106,"column":null}},"line":97},"6":{"name":"(anonymous_6)","decl":{"start":{"line":134,"column":24},"end":{"line":134,"column":39}},"loc":{"start":{"line":134,"column":39},"end":{"line":134,"column":66}},"line":134},"7":{"name":"(anonymous_7)","decl":{"start":{"line":144,"column":23},"end":{"line":144,"column":28}},"loc":{"start":{"line":144,"column":44},"end":{"line":153,"column":null}},"line":144},"8":{"name":"(anonymous_8)","decl":{"start":{"line":186,"column":44},"end":{"line":186,"column":49}},"loc":{"start":{"line":187,"column":36},"end":{"line":194,"column":null}},"line":187},"9":{"name":"(anonymous_9)","decl":{"start":{"line":203,"column":47},"end":{"line":203,"column":62}},"loc":{"start":{"line":203,"column":62},"end":{"line":203,"column":90}},"line":203},"10":{"name":"(anonymous_10)","decl":{"start":{"line":209,"column":24},"end":{"line":209,"column":40}},"loc":{"start":{"line":209,"column":40},"end":{"line":209,"column":null}},"line":209}},"branchMap":{"0":{"loc":{"start":{"line":36,"column":31},"end":{"line":36,"column":null}},"type":"cond-expr","locations":[{"start":{"line":36,"column":65},"end":{"line":36,"column":91}},{"start":{"line":36,"column":91},"end":{"line":36,"column":null}}],"line":36},"1":{"loc":{"start":{"line":37,"column":30},"end":{"line":37,"column":null}},"type":"binary-expr","locations":[{"start":{"line":37,"column":30},"end":{"line":37,"column":55}},{"start":{"line":37,"column":55},"end":{"line":37,"column":null}}],"line":37},"2":{"loc":{"start":{"line":38,"column":29},"end":{"line":38,"column":null}},"type":"binary-expr","locations":[{"start":{"line":38,"column":29},"end":{"line":38,"column":57}},{"start":{"line":38,"column":57},"end":{"line":38,"column":null}}],"line":38},"3":{"loc":{"start":{"line":39,"column":32},"end":{"line":39,"column":null}},"type":"binary-expr","locations":[{"start":{"line":39,"column":32},"end":{"line":39,"column":59}},{"start":{"line":39,"column":59},"end":{"line":39,"column":null}}],"line":39},"4":{"loc":{"start":{"line":45,"column":8},"end":{"line":54,"column":null}},"type":"if","locations":[{"start":{"line":45,"column":8},"end":{"line":54,"column":null}},{"start":{},"end":{}}],"line":45},"5":{"loc":{"start":{"line":45,"column":12},"end":{"line":45,"column":52}},"type":"binary-expr","locations":[{"start":{"line":45,"column":12},"end":{"line":45,"column":34}},{"start":{"line":45,"column":34},"end":{"line":45,"column":52}}],"line":45},"6":{"loc":{"start":{"line":106,"column":24},"end":{"line":106,"column":85}},"type":"binary-expr","locations":[{"start":{"line":106,"column":24},"end":{"line":106,"column":57}},{"start":{"line":106,"column":57},"end":{"line":106,"column":85}}],"line":106},"7":{"loc":{"start":{"line":112,"column":4},"end":{"line":112,"column":null}},"type":"if","locations":[{"start":{"line":112,"column":4},"end":{"line":112,"column":null}},{"start":{},"end":{}}],"line":112},"8":{"loc":{"start":{"line":128,"column":101},"end":{"line":128,"column":122}},"type":"binary-expr","locations":[{"start":{"line":128,"column":101},"end":{"line":128,"column":115}},{"start":{"line":128,"column":115},"end":{"line":128,"column":122}}],"line":128},"9":{"loc":{"start":{"line":132,"column":17},"end":{"line":138,"column":null}},"type":"binary-expr","locations":[{"start":{"line":132,"column":17},"end":{"line":132,"column":null}},{"start":{"line":133,"column":20},"end":{"line":138,"column":null}}],"line":132},"10":{"loc":{"start":{"line":180,"column":25},"end":{"line":196,"column":null}},"type":"cond-expr","locations":[{"start":{"line":181,"column":28},"end":{"line":185,"column":29}},{"start":{"line":185,"column":28},"end":{"line":196,"column":null}}],"line":180}},"s":{"0":2,"1":26,"2":5,"3":26,"4":26,"5":26,"6":26,"7":26,"8":26,"9":26,"10":26,"11":12,"12":12,"13":12,"14":11,"15":11,"16":1,"17":12,"18":11,"19":11,"20":10,"21":10,"22":10,"23":1,"24":12,"25":12,"26":11,"27":1,"28":12,"29":26,"30":10,"31":26,"32":3,"33":3,"34":2,"35":2,"36":2,"37":1,"38":26,"39":10,"40":16,"41":16,"42":16,"43":4,"44":64,"45":64,"46":12,"47":0,"48":1},"f":{"0":26,"1":5,"2":12,"3":10,"4":10,"5":3,"6":4,"7":64,"8":12,"9":0,"10":1},"b":{"0":[11,0],"1":[12,3],"2":[12,3],"3":[12,3],"4":[11,1],"5":[12,5],"6":[1,1],"7":[10,16],"8":[16,0],"9":[26,12],"10":[4,12]},"meta":{"lastBranch":11,"lastFunction":11,"lastStatement":49,"seen":{"s:10:6:212:Infinity":0,"f:10:6:10:24":0,"s:11:18:11:61":1,"f:11:27:11:40":1,"s:11:50:11:61":2,"s:13:26:13:128":3,"s:14:22:14:52":4,"s:15:24:15:54":5,"s:16:23:16:52":6,"s:19:31:19:71":7,"s:20:24:20:82":8,"s:21:25:21:136":9,"s:23:32:66:Infinity":10,"f:23:32:23:44":2,"s:24:8:24:Infinity":11,"s:26:8:42:Infinity":12,"s:27:44:30:14":13,"s:32:26:32:Infinity":14,"s:35:12:40:Infinity":15,"b:36:65:36:91:36:91:36:Infinity":0,"b:37:30:37:55:37:55:37:Infinity":1,"b:38:29:38:57:38:57:38:Infinity":2,"b:39:32:39:59:39:59:39:Infinity":3,"s:42:12:42:Infinity":16,"b:45:8:54:Infinity:undefined:undefined:undefined:undefined":4,"s:45:8:54:Infinity":17,"b:45:12:45:34:45:34:45:52":5,"s:46:12:54:Infinity":18,"s:47:33:47:56":19,"s:50:38:50:86":20,"f:50:52:50:59":3,"s:50:64:50:86":21,"s:52:16:52:Infinity":22,"s:54:16:54:Infinity":23,"s:59:8:63:Infinity":24,"s:60:32:60:67":25,"s:61:12:61:Infinity":26,"s:63:12:63:Infinity":27,"s:66:8:66:Infinity":28,"s:69:4:69:Infinity":29,"f:69:4:69:20":4,"s:69:22:69:48":30,"s:97:26:106:Infinity":31,"f:97:26:97:33":5,"s:99:8:106:Infinity":32,"s:100:12:100:Infinity":33,"s:102:12:102:Infinity":34,"s:103:12:103:Infinity":35,"s:104:12:104:Infinity":36,"s:106:12:106:Infinity":37,"b:106:24:106:57:106:57:106:85":6,"b:112:4:112:Infinity:undefined:undefined:undefined:undefined":7,"s:112:4:112:Infinity":38,"s:112:19:112:Infinity":39,"s:114:18:119:Infinity":40,"s:122:22:122:Infinity":41,"s:124:4:212:Infinity":42,"b:128:101:128:115:128:115:128:122":8,"b:132:17:132:Infinity:133:20:138:Infinity":9,"f:134:24:134:39":6,"s:134:39:134:66":43,"f:144:23:144:28":7,"s:145:33:145:Infinity":44,"s:146:20:153:Infinity":45,"b:181:28:185:29:185:28:196:Infinity":10,"f:186:44:186:49":8,"s:187:36:194:Infinity":46,"f:203:47:203:62":9,"s:203:62:203:90":47,"f:209:24:209:40":10,"s:209:40:209:Infinity":48}}}
,"C:\\Users\\DELL\\OneDrive\\Desktop\\AssignmentProject\\enterpriseapp\\src\\pages\\KanbanBoard.jsx": {"path":"C:\\Users\\DELL\\OneDrive\\Desktop\\AssignmentProject\\enterpriseapp\\src\\pages\\KanbanBoard.jsx","statementMap":{"0":{"start":{"line":10,"column":6},"end":{"line":230,"column":null}},"1":{"start":{"line":11,"column":18},"end":{"line":11,"column":61}},"2":{"start":{"line":11,"column":50},"end":{"line":11,"column":61}},"3":{"start":{"line":13,"column":20},"end":{"line":13,"column":90}},"4":{"start":{"line":14,"column":24},"end":{"line":14,"column":57}},"5":{"start":{"line":15,"column":22},"end":{"line":15,"column":52}},"6":{"start":{"line":18,"column":24},"end":{"line":18,"column":56}},"7":{"start":{"line":20,"column":23},"end":{"line":28,"column":null}},"8":{"start":{"line":21,"column":8},"end":{"line":28,"column":null}},"9":{"start":{"line":22,"column":12},"end":{"line":22,"column":null}},"10":{"start":{"line":23,"column":29},"end":{"line":23,"column":52}},"11":{"start":{"line":24,"column":12},"end":{"line":24,"column":null}},"12":{"start":{"line":26,"column":12},"end":{"line":26,"column":null}},"13":{"start":{"line":28,"column":12},"end":{"line":28,"column":null}},"14":{"start":{"line":32,"column":4},"end":{"line":32,"column":null}},"15":{"start":{"line":32,"column":22},"end":{"line":32,"column":39}},"16":{"start":{"line":35,"column":22},"end":{"line":54,"column":null}},"17":{"start":{"line":36,"column":53},"end":{"line":36,"column":null}},"18":{"start":{"line":37,"column":8},"end":{"line":37,"column":null}},"19":{"start":{"line":37,"column":26},"end":{"line":37,"column":null}},"20":{"start":{"line":38,"column":8},"end":{"line":38,"column":null}},"21":{"start":{"line":38,"column":98},"end":{"line":38,"column":null}},"22":{"start":{"line":40,"column":32},"end":{"line":40,"column":46}},"23":{"start":{"line":41,"column":29},"end":{"line":41,"column":61}},"24":{"start":{"line":42,"column":27},"end":{"line":42,"column":64}},"25":{"start":{"line":43,"column":28},"end":{"line":43,"column":64}},"26":{"start":{"line":45,"column":8},"end":{"line":45,"column":null}},"27":{"start":{"line":46,"column":8},"end":{"line":46,"column":null}},"28":{"start":{"line":48,"column":8},"end":{"line":48,"column":null}},"29":{"start":{"line":50,"column":8},"end":{"line":54,"column":null}},"30":{"start":{"line":51,"column":12},"end":{"line":51,"column":null}},"31":{"start":{"line":53,"column":12},"end":{"line":53,"column":null}},"32":{"start":{"line":54,"column":12},"end":{"line":54,"column":null}},"33":{"start":{"line":60,"column":10},"end":{"line":62,"column":null}},"34":{"start":{"line":61,"column":8},"end":{"line":61,"column":null}},"35":{"start":{"line":62,"column":8},"end":{"line":62,"column":null}},"36":{"start":{"line":65,"column":10},"end":{"line":67,"column":null}},"37":{"start":{"line":66,"column":8},"end":{"line":66,"column":null}},"38":{"start":{"line":67,"column":8},"end":{"line":67,"column":null}},"39":{"start":{"line":70,"column":29},"end":{"line":81,"column":null}},"40":{"start":{"line":71,"column":8},"end":{"line":71,"column":null}},"41":{"start":{"line":71,"column":87},"end":{"line":71,"column":null}},"42":{"start":{"line":73,"column":8},"end":{"line":81,"column":null}},"43":{"start":{"line":74,"column":12},"end":{"line":74,"column":null}},"44":{"start":{"line":75,"column":12},"end":{"line":78,"column":null}},"45":{"start":{"line":75,"column":32},"end":{"line":78,"column":15}},"46":{"start":{"line":77,"column":58},"end":{"line":77,"column":null}},"47":{"start":{"line":79,"column":12},"end":{"line":79,"column":null}},"48":{"start":{"line":81,"column":12},"end":{"line":81,"column":null}},"49":{"start":{"line":85,"column":29},"end":{"line":100,"column":null}},"50":{"start":{"line":86,"column":8},"end":{"line":100,"column":null}},"51":{"start":{"line":87,"column":12},"end":{"line":96,"column":null}},"52":{"start":{"line":89,"column":16},"end":{"line":89,"column":null}},"53":{"start":{"line":90,"column":16},"end":{"line":90,"column":null}},"54":{"start":{"line":91,"column":16},"end":{"line":91,"column":null}},"55":{"start":{"line":94,"column":33},"end":{"line":94,"column":63}},"56":{"start":{"line":95,"column":16},"end":{"line":95,"column":null}},"57":{"start":{"line":95,"column":36},"end":{"line":95,"column":97}},"58":{"start":{"line":96,"column":16},"end":{"line":96,"column":null}},"59":{"start":{"line":98,"column":12},"end":{"line":98,"column":null}},"60":{"start":{"line":100,"column":12},"end":{"line":100,"column":null}},"61":{"start":{"line":106,"column":10},"end":{"line":109,"column":null}},"62":{"start":{"line":107,"column":8},"end":{"line":107,"column":null}},"63":{"start":{"line":107,"column":28},"end":{"line":107,"column":null}},"64":{"start":{"line":108,"column":8},"end":{"line":108,"column":null}},"65":{"start":{"line":108,"column":32},"end":{"line":108,"column":null}},"66":{"start":{"line":109,"column":8},"end":{"line":109,"column":null}},"67":{"start":{"line":112,"column":10},"end":{"line":115,"column":null}},"68":{"start":{"line":113,"column":8},"end":{"line":113,"column":null}},"69":{"start":{"line":113,"column":33},"end":{"line":113,"column":null}},"70":{"start":{"line":114,"column":8},"end":{"line":114,"column":null}},"71":{"start":{"line":114,"column":35},"end":{"line":114,"column":null}},"72":{"start":{"line":115,"column":8},"end":{"line":115,"column":null}},"73":{"start":{"line":118,"column":10},"end":{"line":118,"column":null}},"74":{"start":{"line":118,"column":34},"end":{"line":118,"column":null}},"75":{"start":{"line":118,"column":66},"end":{"line":118,"column":71}},"76":{"start":{"line":120,"column":4},"end":{"line":120,"column":null}},"77":{"start":{"line":120,"column":19},"end":{"line":120,"column":null}},"78":{"start":{"line":122,"column":4},"end":{"line":230,"column":null}},"79":{"start":{"line":137,"column":24},"end":{"line":214,"column":null}},"80":{"start":{"line":144,"column":36},"end":{"line":210,"column":null}},"81":{"start":{"line":147,"column":44},"end":{"line":208,"column":null}},"82":{"start":{"line":149,"column":52},"end":{"line":204,"column":null}},"83":{"start":{"line":157,"column":83},"end":{"line":157,"column":102}},"84":{"start":{"line":160,"column":83},"end":{"line":160,"column":118}},"85":{"start":{"line":219,"column":55},"end":{"line":219,"column":76}},"86":{"start":{"line":227,"column":40},"end":{"line":227,"column":null}}},"fnMap":{"0":{"name":"(anonymous_0)","decl":{"start":{"line":10,"column":6},"end":{"line":10,"column":26}},"loc":{"start":{"line":10,"column":26},"end":{"line":230,"column":null}},"line":10},"1":{"name":"(anonymous_1)","decl":{"start":{"line":11,"column":27},"end":{"line":11,"column":40}},"loc":{"start":{"line":11,"column":50},"end":{"line":11,"column":61}},"line":11},"2":{"name":"(anonymous_2)","decl":{"start":{"line":20,"column":23},"end":{"line":20,"column":35}},"loc":{"start":{"line":20,"column":35},"end":{"line":28,"column":null}},"line":20},"3":{"name":"(anonymous_3)","decl":{"start":{"line":32,"column":4},"end":{"line":32,"column":20}},"loc":{"start":{"line":32,"column":20},"end":{"line":32,"column":41}},"line":32},"4":{"name":"(anonymous_4)","decl":{"start":{"line":35,"column":22},"end":{"line":35,"column":29}},"loc":{"start":{"line":35,"column":40},"end":{"line":54,"column":null}},"line":35},"5":{"name":"(anonymous_5)","decl":{"start":{"line":60,"column":10},"end":{"line":60,"column":34}},"loc":{"start":{"line":60,"column":34},"end":{"line":62,"column":null}},"line":60},"6":{"name":"(anonymous_6)","decl":{"start":{"line":65,"column":10},"end":{"line":65,"column":27}},"loc":{"start":{"line":65,"column":36},"end":{"line":67,"column":null}},"line":65},"7":{"name":"(anonymous_7)","decl":{"start":{"line":70,"column":29},"end":{"line":70,"column":36}},"loc":{"start":{"line":70,"column":57},"end":{"line":81,"column":null}},"line":70},"8":{"name":"(anonymous_8)","decl":{"start":{"line":75,"column":12},"end":{"line":75,"column":23}},"loc":{"start":{"line":75,"column":32},"end":{"line":78,"column":15}},"line":75},"9":{"name":"(anonymous_9)","decl":{"start":{"line":77,"column":43},"end":{"line":77,"column":50}},"loc":{"start":{"line":77,"column":58},"end":{"line":77,"column":null}},"line":77},"10":{"name":"(anonymous_10)","decl":{"start":{"line":85,"column":29},"end":{"line":85,"column":36}},"loc":{"start":{"line":85,"column":45},"end":{"line":100,"column":null}},"line":85},"11":{"name":"(anonymous_11)","decl":{"start":{"line":95,"column":16},"end":{"line":95,"column":27}},"loc":{"start":{"line":95,"column":36},"end":{"line":95,"column":97}},"line":95},"12":{"name":"(anonymous_12)","decl":{"start":{"line":106,"column":10},"end":{"line":106,"column":27}},"loc":{"start":{"line":106,"column":36},"end":{"line":109,"column":null}},"line":106},"13":{"name":"(anonymous_13)","decl":{"start":{"line":112,"column":10},"end":{"line":112,"column":30}},"loc":{"start":{"line":112,"column":43},"end":{"line":115,"column":null}},"line":112},"14":{"name":"(anonymous_14)","decl":{"start":{"line":118,"column":10},"end":{"line":118,"column":25}},"loc":{"start":{"line":118,"column":34},"end":{"line":118,"column":null}},"line":118},"15":{"name":"(anonymous_15)","decl":{"start":{"line":118,"column":57},"end":{"line":118,"column":61}},"loc":{"start":{"line":118,"column":66},"end":{"line":118,"column":71}},"line":118},"16":{"name":"(anonymous_16)","decl":{"start":{"line":136,"column":45},"end":{"line":136,"column":50}},"loc":{"start":{"line":137,"column":24},"end":{"line":214,"column":null}},"line":137},"17":{"name":"(anonymous_17)","decl":{"start":{"line":143,"column":34},"end":{"line":143,"column":44}},"loc":{"start":{"line":144,"column":36},"end":{"line":210,"column":null}},"line":144},"18":{"name":"(anonymous_18)","decl":{"start":{"line":146,"column":47},"end":{"line":146,"column":52}},"loc":{"start":{"line":147,"column":44},"end":{"line":208,"column":null}},"line":147},"19":{"name":"(anonymous_19)","decl":{"start":{"line":148,"column":50},"end":{"line":148,"column":60}},"loc":{"start":{"line":149,"column":52},"end":{"line":204,"column":null}},"line":149},"20":{"name":"(anonymous_20)","decl":{"start":{"line":157,"column":68},"end":{"line":157,"column":83}},"loc":{"start":{"line":157,"column":83},"end":{"line":157,"column":102}},"line":157},"21":{"name":"(anonymous_21)","decl":{"start":{"line":160,"column":68},"end":{"line":160,"column":83}},"loc":{"start":{"line":160,"column":83},"end":{"line":160,"column":118}},"line":160},"22":{"name":"(anonymous_22)","decl":{"start":{"line":219,"column":40},"end":{"line":219,"column":55}},"loc":{"start":{"line":219,"column":55},"end":{"line":219,"column":76}},"line":219},"23":{"name":"(anonymous_23)","decl":{"start":{"line":227,"column":24},"end":{"line":227,"column":40}},"loc":{"start":{"line":227,"column":40},"end":{"line":227,"column":null}},"line":227}},"branchMap":{"0":{"loc":{"start":{"line":37,"column"
[...]
,"C:\\Users\\DELL\\OneDrive\\Desktop\\AssignmentProject\\enterpriseapp\\src\\pages\\UserManagement.jsx": {"path":"C:\\Users\\DELL\\OneDrive\\Desktop\\AssignmentProject\\enterpriseapp\\src\\pages\\UserManagement.jsx","statementMap":{"0":{"start":{"line":6,"column":6},"end":{"line":125,"column":null}},"1":{"start":{"line":7,"column":18},"end":{"line":7,"column":42}},"2":{"start":{"line":8,"column":22},"end":{"line":8,"column":52}},"3":{"start":{"line":10,"column":4},"end":{"line":39,"column":null}},"4":{"start":{"line":12,"column":27},"end":{"line":19,"column":null}},"5":{"start":{"line":13,"column":12},"end":{"line":19,"column":null}},"6":{"start":{"line":14,"column":33},"end":{"line":14,"column":56}},"7":{"start":{"line":15,"column":16},"end":{"line":15,"column":null}},"8":{"start":{"line":17,"column":16},"end":{"line":17,"column":null}},"9":{"start":{"line":19,"column":16},"end":{"line":19,"column":null}},"10":{"start":{"line":23,"column":8},"end":{"line":23,"column":null}},"11":{"start":{"line":26,"column":14},"end":{"line":26,"column":50}},"12":{"start":{"line":28,"column":8},"end":{"line":35,"column":null}},"13":{"start":{"line":30,"column":12},"end":{"line":34,"column":null}},"14":{"start":{"line":30,"column":36},"end":{"line":33,"column":null}},"15":{"start":{"line":31,"column":16},"end":{"line":33,"column":null}},"16":{"start":{"line":38,"column":8},"end":{"line":38,"column":null}},"17":{"start":{"line":38,"column":21},"end":{"line":38,"column":40}},"18":{"start":{"line":41,"column":29},"end":{"line":48,"column":null}},"19":{"start":{"line":42,"column":8},"end":{"line":42,"column":null}},"20":{"start":{"line":42,"column":91},"end":{"line":42,"column":null}},"21":{"start":{"line":43,"column":8},"end":{"line":48,"column":null}},"22":{"start":{"line":44,"column":12},"end":{"line":44,"column":null}},"23":{"start":{"line":45,"column":12},"end":{"line":45,"column":null}},"24":{"start":{"line":45,"column":34},"end":{"line":45,"column":78}},"25":{"start":{"line":45,"column":59},"end":{"line":45,"column":78}},"26":{"start":{"line":46,"column":12},"end":{"line":46,"column":null}},"27":{"start":{"line":48,"column":12},"end":{"line":48,"column":null}},"28":{"start":{"line":53,"column":10},"end":{"line":60,"column":null}},"29":{"start":{"line":54,"column":8},"end":{"line":54,"column":null}},"30":{"start":{"line":54,"column":33},"end":{"line":54,"column":null}},"31":{"start":{"line":55,"column":8},"end":{"line":55,"column":null}},"32":{"start":{"line":55,"column":25},"end":{"line":55,"column":null}},"33":{"start":{"line":57,"column":21},"end":{"line":57,"column":41}},"34":{"start":{"line":58,"column":8},"end":{"line":60,"column":null}},"35":{"start":{"line":63,"column":4},"end":{"line":63,"column":null}},"36":{"start":{"line":63,"column":19},"end":{"line":63,"column":null}},"37":{"start":{"line":65,"column":4},"end":{"line":125,"column":null}},"38":{"start":{"line":85,"column":28},"end":{"line":121,"column":null}},"39":{"start":{"line":115,"column":55},"end":{"line":115,"column":80}}},"fnMap":{"0":{"name":"(anonymous_0)","decl":{"start":{"line":6,"column":6},"end":{"line":6,"column":29}},"loc":{"start":{"line":6,"column":29},"end":{"line":125,"column":null}},"line":6},"1":{"name":"(anonymous_1)","decl":{"start":{"line":10,"column":4},"end":{"line":10,"column":20}},"loc":{"start":{"line":10,"column":20},"end":{"line":39,"column":9}},"line":10},"2":{"name":"(anonymous_2)","decl":{"start":{"line":12,"column":27},"end":{"line":12,"column":39}},"loc":{"start":{"line":12,"column":39},"end":{"line":19,"column":null}},"line":12},"3":{"name":"(anonymous_3)","decl":{"start":{"line":28,"column":18},"end":{"line":28,"column":41}},"loc":{"start":{"line":28,"column":50},"end":{"line":35,"column":null}},"line":28},"4":{"name":"(anonymous_4)","decl":{"start":{"line":30,"column":12},"end":{"line":30,"column":22}},"loc":{"start":{"line":30,"column":36},"end":{"line":33,"column":null}},"line":30},"5":{"name":"(anonymous_5)","decl":{"start":{"line":30,"column":46},"end":{"line":30,"column":50}},"loc":{"start":{"line":31,"column":16},"end":{"line":33,"column":null}},"line":31},"6":{"name":"(anonymous_6)","decl":{"start":{"line":38,"column":8},"end":{"line":38,"column":21}},"loc":{"start":{"line":38,"column":21},"end":{"line":38,"column":40}},"line":38},"7":{"name":"(anonymous_7)","decl":{"start":{"line":41,"column":29},"end":{"line":41,"column":36}},"loc":{"start":{"line":41,"column":47},"end":{"line":48,"column":null}},"line":41},"8":{"name":"(anonymous_8)","decl":{"start":{"line":45,"column":12},"end":{"line":45,"column":21}},"loc":{"start":{"line":45,"column":34},"end":{"line":45,"column":78}},"line":45},"9":{"name":"(anonymous_9)","decl":{"start":{"line":45,"column":44},"end":{"line":45,"column":51}},"loc":{"start":{"line":45,"column":59},"end":{"line":45,"column":78}},"line":45},"10":{"name":"(anonymous_10)","decl":{"start":{"line":53,"column":10},"end":{"line":53,"column":32}},"loc":{"start":{"line":53,"column":55},"end":{"line":60,"column":null}},"line":53},"11":{"name":"(anonymous_11)","decl":{"start":{"line":84,"column":31},"end":{"line":84,"column":36}},"loc":{"start":{"line":85,"column":28},"end":{"line":121,"column":null}},"line":85},"12":{"name":"(anonymous_12)","decl":{"start":{"line":115,"column":40},"end":{"line":115,"column":55}},"loc":{"start":{"line":115,"column":55},"end":{"line":115,"column":80}},"line":115}},"branchMap":{"0":{"loc":{"start":{"line":17,"column":28},"end":{"line":17,"column":86}},"type":"binary-expr","locations":[{"start":{"line":17,"column":28},"end":{"line":17,"column":61}},{"start":{"line":17,"column":61},"end":{"line":17,"column":86}}],"line":17},"1":{"loc":{"start":{"line":31,"column":16},"end":{"line":33,"column":null}},"type":"cond-expr","locations":[{"start":{"line":32,"column":22},"end":{"line":32,"column":null}},{"start":{"line":33,"column":22},"end":{"line":33,"column":null}}],"line":31},"2":{"loc":{"start":{"line":42,"column":8},"end":{"line":42,"column":null}},"type":"if","locations":[{"start":{"line":42,"column":8},"end":{"line":42,"column":null}},{"start":{},"end":{}}],"line":42},"3":{"loc":{"start":{"line":48,"column":24},"end":{"line":48,"column":82}},"type":"binary-expr","locations":[{"start":{"line":48,"column":24},"end":{"line":48,"column":57}},{"start":{"line":48,"column":57},"end":{"line":48,"column":82}}],"line":48},"4":{"loc":{"start":{"line":54,"column":8},"end":{"line":54,"column":null}},"type":"if","locations":[{"start":{"line":54,"column":8},"end":{"line":54,"column":null}},{"start":{},"end":{}}],"line":54},"5":{"loc":{"start":{"line":55,"column":8},"end":{"line":55,"column":null}},"type":"if","locations":[{"start":{"line":55,"column":8},"end":{"line":55,"column":null}},{"start":{},"end":{}}],"line":55},"6":{"loc":{"start":{"line":63,"column":4},"end":{"line":63,"column":null}},"type":"if","locations":[{"start":{"line":63,"column":4},"end":{"line":63,"column":null}},{"start":{},"end":{}}],"line":63},"7":{"loc":{"start":{"line":99,"column":84},"end":{"line":99,"column":221}},"type":"cond-expr","locations":[{"start":{"line":99,"column":111},"end":{"line":99,"column":179}},{"start":{"line":99,"column":179},"end":{"line":99,"column":221}}],"line":99},"8":{"loc":{"start":{"line":100,"column":82},"end":{"line":100,"column":null}},"type":"cond-expr","locations":[{"start":{"line":100,"column":109},"end":{"line":100,"column":152}},{"start":{"line":100,"column":152},"end":{"line":100,"column":null}}],"line":100},"9":{"loc":{"start":{"line":101,"column":45},"end":{"line":101,"column":null}},"type":"binary-expr","locations":[{"start":{"line":101,"column":45},"end":{"line":101,"column":60}},{"start":{"line":101,"column":60},"end":{"line":101,"column":null}}],"line":101}},"s":{"0":2,"1":14,"2":14,"3":14,"4":6,"5":6,"6":6,"7":5,"8":1,"9":6,"10":6,"11":6,"12":6,"13":1,"14":1,"15":3,"16":6,"17":6,"18":14,"19":3,"20":1,"21":2,"22":2,"23":1,"24":1,"25":3,"26":1,"27":1,"28":14,"29":20,"30":8,"31":12,"32":12,"33":5,"34":5,"35":14,"36":6,"37":8,"38":20,"39":3},"f":{"0":14,"1":6,"2":6,"3":1,"4":1,"5":3,"6":6,"7":3,"8":1,"9":3,"10":20,"11":20,"12":3},"b":{"0":[1,1],"1":[1,2],"2":[1,2],"3":[1,1],"4":[8,12],"5":[7,5],"6":[6,8],"7":[8,12],"8":[8,12],"9":[20,0]},"meta":{"lastBranch":10,"lastFunction":13,"lastStatement":40,"seen":{"s:6:6:125:Infinity":0,"f:6:6:6:29":0,"s:7:18:7:42":1,"s:8:22:8:52":2,"s:10:4:39:Infinity":3,"f:10:4:10:20":1,"s:12:27:19:Infinity":4,"f:12:27:12:39":2,"s:13:12:19:Infinity":5,"s:14:33:14:56":6,"s:15:16:15:Infinity":7,"s:17:16:17:Infinity":8,"b:17:28:17:61:17:61:17:86":0,"s:19:16:19:Infinity":9,"s:23:8:23:Infinity":10,"s:26:14:26:50":11,"s:28:8:35:Infinity":12,"f:28:18:28:41":3,"s:30:12:34:Infinity":13,"f:30:12:30:22":4,"s:30:36:33:Infinity":14,"f:30:46:30:50":5,"s:31:16:33:Infinity":15,"b:32:22:32:Infinity:33:22:33:Infinity":1,"s:38:8:38:Infinity":16,"f:38:8:38:21":6,"s:38:21:38:40":17,"s:41:29:48:Infinity":18,"f:41:29:41:36":7,"b:42:8:42:Infinity:undefined:undefined:undefined:undefined":2,"s:42:8:42:Infinity":19,"s:42:91:42:Infinity":20,"s:43:8:48:Infinity":21,"s:44:12:44:Infinity":22,"s:45:12:45:Infinity":23,"f:45:12:45:21":8,"s:45:34:45:78":24,"f:45:44:45:51":9,"s:45:59:45:78":25,"s:46:12:46:Infinity":26,"s:48:12:48:Infinity":27,"b:48:24:48:57:48:57:48:82":3,"s:53:10:60:Infinity":28,"f:53:10:53:32":10,"b:54:8:54:Infinity:undefined:undefined:undefined:undefined":4,"s:54:8:54:Infinity":29,"s:54:33:54:Infinity":30,"b:55:8:55:Infinity:undefined:undefined:undefined:undefined":5,"s:55:8:55:Infinity":31,"s:55:25:55:Infinity":32,"s:57:21:57:41":33,"s:58:8:60:Infinity":34,"b:63:4:63:Infinity:undefined:undefined:undefined:undefined":6,"s:63:4:63:Infinity":35,"s:63:19:63:Infinity":36,"s:65:4:125:Infinity":37,"f:84:31:84:36":11,"s:85:28:121:Infinity":38,"b:99:111:99:179:99:179:99:221":7,"b:100:109:100:152:100:152:100:Infinity":8,"b:101:45:101:60:101:60:101:Infinity":9,"f:115:40:115:55":12,"s:115:55:115:80":39}}}
,"C:\\Users\\DELL\\OneDrive\\Desktop\\AssignmentProject\\enterpriseapp\\src\\store\\slices\\authSlice.js": {"path":"C:\\Users\\DELL\\OneDrive\\Desktop\\AssignmentProject\\enterpriseapp\\src\\store\\slices\\authSlice.js","statementMap":{"0":{"start":{"line":4,"column":13},"end":{"line":16,"column":null}},"1":{"start":{"line":7,"column":8},"end":{"line":13,"column":null}},"2":{"start":{"line":8,"column":29},"end":{"line":8,"column":71}},"3":{"start":{"line":10,"column":12},"end":{"line":10,"column":null}},"4":{"start":{"line":11,"column":12},"end":{"line":11,"column":null}},"5":{"start":{"line":13,"column":12},"end":{"line":13,"column":null}},"6":{"start":{"line":18,"column":13},"end":{"line":29,"column":null}},"7":{"start":{"line":21,"column":8},"end":{"line":26,"column":null}},"8":{"start":{"line":22,"column":29},"end":{"line":22,"column":71}},"9":{"start":{"line":23,"column":12},"end":{"line":23,"column":null}},"10":{"start":{"line":24,"column":12},"end":{"line":24,"column":null}},"11":{"start":{"line":26,"column":12},"end":{"line":26,"column":null}},"12":{"start":{"line":31,"column":21},"end":{"line":39,"column":null}},"13":{"start":{"line":43,"column":6},"end":{"line":101,"column":2}},"14":{"start":{"line":48,"column":12},"end":{"line":48,"column":null}},"15":{"start":{"line":49,"column":12},"end":{"line":49,"column":null}},"16":{"start":{"line":50,"column":12},"end":{"line":50,"column":null}},"17":{"start":{"line":51,"column":12},"end":{"line":51,"column":null}},"18":{"start":{"line":53,"column":12},"end":{"line":53,"column":null}},"19":{"start":{"line":54,"column":12},"end":{"line":54,"column":null}},"20":{"start":{"line":55,"column":12},"end":{"line":55,"column":null}},"21":{"start":{"line":58,"column":12},"end":{"line":58,"column":null}},"22":{"start":{"line":62,"column":8},"end":{"line":99,"column":null}},"23":{"start":{"line":65,"column":16},"end":{"line":65,"column":null}},"24":{"start":{"line":66,"column":16},"end":{"line":66,"column":null}},"25":{"start":{"line":69,"column":16},"end":{"line":69,"column":null}},"26":{"start":{"line":70,"column":16},"end":{"line":70,"column":null}},"27":{"start":{"line":71,"column":16},"end":{"line":71,"column":null}},"28":{"start":{"line":72,"column":16},"end":{"line":72,"column":null}},"29":{"start":{"line":73,"column":16},"end":{"line":73,"column":null}},"30":{"start":{"line":75,"column":16},"end":{"line":75,"column":null}},"31":{"start":{"line":76,"column":16},"end":{"line":76,"column":null}},"32":{"start":{"line":79,"column":16},"end":{"line":79,"column":null}},"33":{"start":{"line":80,"column":16},"end":{"line":80,"column":null}},"34":{"start":{"line":84,"column":16},"end":{"line":84,"column":null}},"35":{"start":{"line":85,"column":16},"end":{"line":85,"column":null}},"36":{"start":{"line":88,"column":16},"end":{"line":88,"column":null}},"37":{"start":{"line":89,"column":16},"end":{"line":89,"column":null}},"38":{"start":{"line":90,"column":16},"end":{"line":90,"column":null}},"39":{"start":{"line":91,"column":16},"end":{"line":91,"column":null}},"40":{"start":{"line":92,"column":16},"end":{"line":92,"column":null}},"41":{"start":{"line":93,"column":16},"end":{"line":93,"column":null}},"42":{"start":{"line":94,"column":16},"end":{"line":94,"column":null}},"43":{"start":{"line":97,"column":16},"end":{"line":97,"column":null}},"44":{"start":{"line":98,"column":16},"end":{"line":98,"column":null}},"45":{"start":{"line":103,"column":38},"end":{"line":103,"column":null}}},"fnMap":{"0":{"name":"(anonymous_0)","decl":{"start":{"line":6,"column":4},"end":{"line":6,"column":11}},"loc":{"start":{"line":6,"column":45},"end":{"line":16,"column":null}},"line":6},"1":{"name":"(anonymous_1)","decl":{"start":{"line":20,"column":4},"end":{"line":20,"column":11}},"loc":{"start":{"line":20,"column":48},"end":{"line":29,"column":null}},"line":20},"2":{"name":"(anonymous_2)","decl":{"start":{"line":47,"column":8},"end":{"line":47,"column":17}},"loc":{"start":{"line":47,"column":27},"end":{"line":55,"column":null}},"line":47},"3":{"name":"(anonymous_3)","decl":{"start":{"line":57,"column":8},"end":{"line":57,"column":21}},"loc":{"start":{"line":57,"column":31},"end":{"line":58,"column":null}},"line":57},"4":{"name":"(anonymous_4)","decl":{"start":{"line":61,"column":4},"end":{"line":61,"column":20}},"loc":{"start":{"line":61,"column":32},"end":{"line":99,"column":null}},"line":61},"5":{"name":"(anonymous_5)","decl":{"start":{"line":64,"column":31},"end":{"line":64,"column":41}},"loc":{"start":{"line":64,"column":51},"end":{"line":67,"column":null}},"line":64},"6":{"name":"(anonymous_6)","decl":{"start":{"line":68,"column":31},"end":{"line":68,"column":43}},"loc":{"start":{"line":68,"column":61},"end":{"line":77,"column":null}},"line":68},"7":{"name":"(anonymous_7)","decl":{"start":{"line":78,"column":31},"end":{"line":78,"column":42}},"loc":{"start":{"line":78,"column":60},"end":{"line":81,"column":null}},"line":78},"8":{"name":"(anonymous_8)","decl":{"start":{"line":83,"column":34},"end":{"line":83,"column":44}},"loc":{"start":{"line":83,"column":54},"end":{"line":86,"column":null}},"line":83},"9":{"name":"(anonymous_9)","decl":{"start":{"line":87,"column":34},"end":{"line":87,"column":46}},"loc":{"start":{"line":87,"column":64},"end":{"line":95,"column":null}},"line":87},"10":{"name":"(anonymous_10)","decl":{"start":{"line":96,"column":34},"end":{"line":96,"column":45}},"loc":{"start":{"line":96,"column":63},"end":{"line":99,"column":null}},"line":96}},"branchMap":{"0":{"loc":{"start":{"line":13,"column":35},"end":{"line":13,"column":90}},"type":"binary-expr","locations":[{"start":{"line":13,"column":35},"end":{"line":13,"column":68}},{"start":{"line":13,"column":68},"end":{"line":13,"column":90}}],"line":13},"1":{"loc":{"start":{"line":26,"column":35},"end":{"line":26,"column":83}},"type":"binary-expr","locations":[{"start":{"line":26,"column":35},"end":{"line":26,"column":68}},{"start":{"line":26,"column":68},"end":{"line":26,"column":83}}],"line":26},"2":{"loc":{"start":{"line":33,"column":10},"end":{"line":33,"column":null}},"type":"binary-expr","locations":[{"start":{"line":33,"column":10},"end":{"line":33,"column":50}},{"start":{"line":33,"column":54},"end":{"line":33,"column":null}}],"line":33},"3":{"loc":{"start":{"line":34,"column":10},"end":{"line":34,"column":null}},"type":"binary-expr","locations":[{"start":{"line":34,"column":10},"end":{"line":34,"column":38}},{"start":{"line":34,"column":42},"end":{"line":34,"column":null}}],"line":34},"4":{"loc":{"start":{"line":35,"column":11},"end":{"line":35,"column":null}},"type":"binary-expr","locations":[{"start":{"line":35,"column":11},"end":{"line":35,"column":40}},{"start":{"line":35,"column":44},"end":{"line":35,"column":null}}],"line":35}},"s":{"0":2,"1":0,"2":0,"3":0,"4":0,"5":0,"6":2,"7":1,"8":1,"9":1,"10":1,"11":0,"12":2,"13":2,"14":0,"15":0,"16":0,"17":0,"18":0,"19":0,"20":0,"21":0,"22":1,"23":1,"24":1,"25":1,"26":1,"27":1,"28":1,"29":1,"30":1,"31":1,"32":0,"33":0,"34":0,"35":0,"36":0,"37":0,"38":0,"39":0,"40":0,"41":0,"42":0,"43":0,"44":0,"45":2},"f":{"0":0,"1":1,"2":0,"3":0,"4":1,"5":1,"6":1,"7":0,"8":0,"9":0,"10":0},"b":{"0":[0,0],"1":[0,0],"2":[2,2],"3":[2,2],"4":[2,2]},"meta":{"lastBranch":5,"lastFunction":11,"lastStatement":46,"seen":{"s:4:13:16:Infinity":0,"f:6:4:6:11":0,"s:7:8:13:Infinity":1,"s:8:29:8:71":2,"s:10:12:10:Infinity":3,"s:11:12:11:Infinity":4,"s:13:12:13:Infinity":5,"b:13:35:13:68:13:68:13:90":0,"s:18:13:29:Infinity":6,"f:20:4:20:11":1,"s:21:8:26:Infinity":7,"s:22:29:22:71":8,"s:23:12:23:Infinity":9,"s:24:12:24:Infinity":10,"s:26:12:26:Infinity":11,"b:26:35:26:68:26:68:26:83":1,"s:31:21:39:Infinity":12,"b:33:10:33:50:33:54:33:Infinity":2,"b:34:10:34:38:34:42:34:Infinity":3,"b:35:11:35:40:35:44:35:Infinity":4,"s:43:6:101:2":13,"f:47:8:47:17":2,"s:48:12:48:Infinity":14,"s:49:12:49:Infinity":15,"s:50:12:50:Infinity":16,"s:51:12:51:Infinity":17,"s:53:12:53:Infinity":18,"s:54:12:54:Infinity":19,"s:55:12:55:Infinity":20,"f:57:8:57:21":3,"s:58:12:58:Infinity":21,"f:61:4:61:20":4,"s:62:8:99:Infinity":22,"f:64:31:64:41":5,"s:65:16:65:Infinity":23,"s:66:16:66:Infinity":24,"f:68:31:68:43":6,"s:69:16:69:Infinity":25,"s:70:16:70:Infinity":26,"s:71:16:71:Infinity":27,"s:72:16:72:Infinity":28,"s:73:16:73:Infinity":29,"s:75:16:75:Infinity":30,"s:76:16:76:Infinity":31,"f:78:31:78:42":7,"s:79:16:79:Infinity":32,"s:80:16:80:Infinity":33,"f:83:34:83:44":8,"s:84:16:84:Infinity":34,"s:85:16:85:Infinity":35,"f:87:34:87:46":9,"s:88:16:88:Infinity":36,"s:89:16:89:Infinity":37,"s:90:16:90:Infinity":38,"s:91:16:91:Infinity":39,"s:92:16:92:Infinity":40,"s:93:16:93:Infinity":41,"s:94:16:94:Infinity":42,"f:96:34:96:45":10,"s:97:16:97:Infinity":43,"s:98:16:98:Infinity":44,"s:103:38:103:Infinity":45}}}
}
